2021-03-16 10:08:18,249 [INFO] in scala-execution-context-global-36 - [info] c.j.i.s.Initializer$ - redirected OUT / ERR
2021-03-16 10:08:18,250 [INFO] in scala-execution-context-global-36 - [info] c.j.i.s.Initializer$ - installed SLF4JBridge
2021-03-16 10:08:18,252 [INFO] in scala-execution-context-global-36 - [info] c.j.i.s.MonocleInitializer$ - screen: null
2021-03-16 10:08:18,253 [INFO] in scala-execution-context-global-36 - Warning: Quantum will not submit render jobs, nothing should draw
2021-03-16 10:08:18,253 [INFO] in scala-execution-context-global-36 - [info] c.j.i.s.Initializer$ - finished init!
2021-03-16 10:08:18,255 [INFO] in scala-execution-context-global-36 - [info] c.j.i.s.Initializer$ - JavaFX version: 11.0.3.4-jpro+0-2019-12-20-085014
2021-03-16 10:08:18,518 [INFO] in scala-execution-context-global-51 - [info] c.j.i.c.m.ChartJSONImExporter - Nothing to import
2021-03-16 10:08:18,538 [INFO] in scala-execution-context-global-51 - [info] c.j.i.c.m.DynamicDataModel - Started Monitoring chart data...
2021-03-16 10:08:19,699 [INFO] in scala-execution-context-global-49 - [info] play.api.Play - Application started (Prod)
2021-03-16 10:08:21,286 [INFO] in scala-execution-context-global-49 - [info] p.c.s.AkkaHttpServer - Listening for HTTP on /0:0:0:0:0:0:0:0:8080
2021-03-16 10:08:26,834 [INFO] in scala-execution-context-global-49 - [warn] c.jpro - jpro.plainFile - Couldn't get resource for: 'jpro/html/favicon.ico'
2021-03-16 10:10:40,447 [INFO] in scala-execution-context-global-34 - [info] c.j.i.s.Initializer$ - redirected OUT / ERR
2021-03-16 10:10:40,448 [INFO] in scala-execution-context-global-34 - [info] c.j.i.s.Initializer$ - installed SLF4JBridge
2021-03-16 10:10:40,448 [INFO] in scala-execution-context-global-34 - [info] c.j.i.s.MonocleInitializer$ - screen: null
2021-03-16 10:10:40,449 [INFO] in scala-execution-context-global-34 - Warning: Quantum will not submit render jobs, nothing should draw
2021-03-16 10:10:40,449 [INFO] in scala-execution-context-global-34 - [info] c.j.i.s.Initializer$ - finished init!
2021-03-16 10:10:40,449 [INFO] in scala-execution-context-global-34 - [info] c.j.i.s.Initializer$ - JavaFX version: 11.0.3.4-jpro+0-2019-12-20-085014
2021-03-16 10:10:41,417 [INFO] in scala-execution-context-global-50 - [info] c.j.i.c.m.ChartJSONImExporter - Imported chart data Tue Mar 16 10:10:39 CET 2021
2021-03-16 10:10:41,429 [INFO] in scala-execution-context-global-50 - [info] c.j.i.c.m.DynamicDataModel - Started Monitoring chart data...
2021-03-16 10:10:42,157 [INFO] in scala-execution-context-global-49 - [info] play.api.Play - Application started (Prod)
2021-03-16 10:10:43,839 [INFO] in scala-execution-context-global-49 - [info] p.c.s.AkkaHttpServer - Listening for HTTP on /0:0:0:0:0:0:0:0:8080
2021-03-16 10:10:49,045 [INFO] in scala-execution-context-global-49 - [warn] c.jpro - jpro.plainFile - Couldn't get resource for: 'jpro/html/favicon.ico'
2021-03-16 10:12:04,973 [INFO] in scala-execution-context-global-50 - [warn] c.jpro - jpro.plainFile - Couldn't get resource for: 'jpro/html/favicon.ico'
2021-03-16 10:14:19,990 [INFO] in scala-execution-context-global-33 - [info] c.j.i.s.Initializer$ - redirected OUT / ERR
2021-03-16 10:14:19,990 [INFO] in scala-execution-context-global-33 - [info] c.j.i.s.Initializer$ - installed SLF4JBridge
2021-03-16 10:14:19,991 [INFO] in scala-execution-context-global-33 - [info] c.j.i.s.MonocleInitializer$ - screen: null
2021-03-16 10:14:19,991 [INFO] in scala-execution-context-global-33 - Warning: Quantum will not submit render jobs, nothing should draw
2021-03-16 10:14:19,991 [INFO] in scala-execution-context-global-33 - [info] c.j.i.s.Initializer$ - finished init!
2021-03-16 10:14:19,992 [INFO] in scala-execution-context-global-33 - [info] c.j.i.s.Initializer$ - JavaFX version: 11.0.3.4-jpro+0-2019-12-20-085014
2021-03-16 10:14:21,084 [INFO] in scala-execution-context-global-49 - [info] c.j.i.c.m.ChartJSONImExporter - Imported chart data Tue Mar 16 10:14:19 CET 2021
2021-03-16 10:14:21,107 [INFO] in scala-execution-context-global-49 - [info] c.j.i.c.m.DynamicDataModel - Started Monitoring chart data...
2021-03-16 10:14:21,693 [INFO] in scala-execution-context-global-49 - [info] play.api.Play - Application started (Prod)
2021-03-16 10:14:23,231 [INFO] in scala-execution-context-global-49 - [info] p.c.s.AkkaHttpServer - Listening for HTTP on /0:0:0:0:0:0:0:0:8080
2021-03-16 10:14:27,640 [INFO] in scala-execution-context-global-49 - [warn] c.jpro - jpro.plainFile - Couldn't get resource for: 'jpro/html/favicon.ico'
2021-03-16 10:19:45,183 [INFO] in scala-execution-context-global-33 - [info] c.jpro - application requested: 0!appagendajpro
2021-03-16 10:19:45,218 [INFO] in scala-execution-context-global-33 - [warn] c.jpro - The requested application "0!appagendajpro" does not exist!
2021-03-16 10:19:50,252 [INFO] in scala-execution-context-global-33 - [info] c.jpro - application requested: 0!appagendajpro
2021-03-16 10:19:50,253 [INFO] in scala-execution-context-global-33 - [warn] c.jpro - The requested application "0!appagendajpro" does not exist!
2021-03-16 10:19:55,794 [INFO] in scala-execution-context-global-70 - [info] c.jpro - application requested: 0!appagendajpro
2021-03-16 10:19:55,794 [INFO] in scala-execution-context-global-70 - [warn] c.jpro - The requested application "0!appagendajpro" does not exist!
2021-03-16 10:20:01,882 [INFO] in scala-execution-context-global-33 - [info] c.jpro - application requested: 0!appagendajpro
2021-03-16 10:20:01,882 [INFO] in scala-execution-context-global-33 - [warn] c.jpro - The requested application "0!appagendajpro" does not exist!
2021-03-16 10:20:08,567 [INFO] in scala-execution-context-global-70 - [info] c.jpro - application requested: 0!appagendajpro
2021-03-16 10:20:08,568 [INFO] in scala-execution-context-global-70 - [warn] c.jpro - The requested application "0!appagendajpro" does not exist!
2021-03-16 10:21:13,350 [INFO] in scala-execution-context-global-33 - [info] c.j.i.s.Initializer$ - redirected OUT / ERR
2021-03-16 10:21:13,351 [INFO] in scala-execution-context-global-33 - [info] c.j.i.s.Initializer$ - installed SLF4JBridge
2021-03-16 10:21:13,351 [INFO] in scala-execution-context-global-33 - [info] c.j.i.s.MonocleInitializer$ - screen: null
2021-03-16 10:21:13,351 [INFO] in scala-execution-context-global-33 - Warning: Quantum will not submit render jobs, nothing should draw
2021-03-16 10:21:13,353 [INFO] in scala-execution-context-global-33 - [info] c.j.i.s.Initializer$ - finished init!
2021-03-16 10:21:13,356 [INFO] in scala-execution-context-global-33 - [info] c.j.i.s.Initializer$ - JavaFX version: 11.0.3.4-jpro+0-2019-12-20-085014
2021-03-16 10:21:14,503 [INFO] in scala-execution-context-global-48 - [info] c.j.i.c.m.ChartJSONImExporter - Imported chart data Tue Mar 16 10:21:12 CET 2021
2021-03-16 10:21:14,517 [INFO] in scala-execution-context-global-48 - [info] c.j.i.c.m.DynamicDataModel - Started Monitoring chart data...
2021-03-16 10:21:15,294 [INFO] in scala-execution-context-global-48 - [info] play.api.Play - Application started (Prod)
2021-03-16 10:21:17,393 [INFO] in scala-execution-context-global-48 - [info] p.c.s.AkkaHttpServer - Listening for HTTP on /0:0:0:0:0:0:0:0:8080
2021-03-16 10:21:25,993 [INFO] in scala-execution-context-global-48 - [info] c.jpro - application requested: 0!appagendajpro
2021-03-16 10:21:26,027 [INFO] in scala-execution-context-global-48 - [warn] c.jpro - jpro.plainFile - Couldn't get resource for: 'jpro/html/favicon.ico'
2021-03-16 10:21:26,073 [INFO] in scala-execution-context-global-48 - [warn] c.jpro - The requested application "0!appagendajpro" does not exist!
2021-03-16 10:21:31,124 [INFO] in scala-execution-context-global-48 - [info] c.jpro - application requested: 0!appagendajpro
2021-03-16 10:21:31,125 [INFO] in scala-execution-context-global-48 - [warn] c.jpro - The requested application "0!appagendajpro" does not exist!
2021-03-16 10:21:36,659 [INFO] in scala-execution-context-global-48 - [info] c.jpro - application requested: 0!appagendajpro
2021-03-16 10:21:36,659 [INFO] in scala-execution-context-global-48 - [warn] c.jpro - The requested application "0!appagendajpro" does not exist!
2021-03-16 10:21:42,763 [INFO] in scala-execution-context-global-48 - [info] c.jpro - application requested: 0!appagendajpro
2021-03-16 10:21:42,765 [INFO] in scala-execution-context-global-48 - [warn] c.jpro - The requested application "0!appagendajpro" does not exist!
2021-03-16 10:21:49,485 [INFO] in scala-execution-context-global-47 - [info] c.jpro - application requested: 0!appagendajpro
2021-03-16 10:21:49,485 [INFO] in scala-execution-context-global-47 - [warn] c.jpro - The requested application "0!appagendajpro" does not exist!
2021-03-16 10:21:56,833 [INFO] in scala-execution-context-global-48 - [info] c.jpro - application requested: 0!appagendajpro
2021-03-16 10:21:56,833 [INFO] in scala-execution-context-global-48 - [warn] c.jpro - The requested application "0!appagendajpro" does not exist!
2021-03-16 10:22:04,920 [INFO] in scala-execution-context-global-48 - [info] c.jpro - application requested: 0!appagendajpro
2021-03-16 10:22:04,921 [INFO] in scala-execution-context-global-48 - [warn] c.jpro - The requested application "0!appagendajpro" does not exist!
2021-03-16 10:22:09,096 [INFO] in scala-execution-context-global-48 - [info] c.jpro - application requested: 0!appagendajpro
2021-03-16 10:22:09,098 [INFO] in scala-execution-context-global-48 - [warn] c.jpro - The requested application "0!appagendajpro" does not exist!
2021-03-16 10:26:33,753 [INFO] in scala-execution-context-global-33 - [info] c.j.i.s.Initializer$ - redirected OUT / ERR
2021-03-16 10:26:33,755 [INFO] in scala-execution-context-global-33 - [info] c.j.i.s.Initializer$ - installed SLF4JBridge
2021-03-16 10:26:33,755 [INFO] in scala-execution-context-global-33 - [info] c.j.i.s.MonocleInitializer$ - screen: null
2021-03-16 10:26:33,755 [INFO] in scala-execution-context-global-33 - Warning: Quantum will not submit render jobs, nothing should draw
2021-03-16 10:26:33,758 [INFO] in scala-execution-context-global-33 - [info] c.j.i.s.Initializer$ - finished init!
2021-03-16 10:26:33,761 [INFO] in scala-execution-context-global-33 - [info] c.j.i.s.Initializer$ - JavaFX version: 11.0.3.4-jpro+0-2019-12-20-085014
2021-03-16 10:26:34,739 [INFO] in scala-execution-context-global-48 - [info] c.j.i.c.m.ChartJSONImExporter - Imported chart data Tue Mar 16 10:26:33 CET 2021
2021-03-16 10:26:34,759 [INFO] in scala-execution-context-global-48 - [info] c.j.i.c.m.DynamicDataModel - Started Monitoring chart data...
2021-03-16 10:26:35,407 [INFO] in scala-execution-context-global-48 - [info] play.api.Play - Application started (Prod)
2021-03-16 10:26:37,094 [INFO] in scala-execution-context-global-48 - [info] p.c.s.AkkaHttpServer - Listening for HTTP on /0:0:0:0:0:0:0:0:8080
2021-03-16 10:26:42,521 [INFO] in scala-execution-context-global-48 - [warn] c.jpro - jpro.plainFile - Couldn't get resource for: 'jpro/html/favicon.ico'
2021-03-16 10:26:42,522 [INFO] in scala-execution-context-global-48 - [info] c.jpro - application requested: 0!appagendajpro
2021-03-16 10:26:42,546 [INFO] in scala-execution-context-global-47 - [warn] c.jpro - The requested application "0!appagendajpro" does not exist!
2021-03-16 10:26:47,657 [INFO] in scala-execution-context-global-47 - [info] c.jpro - application requested: 0!appagendajpro
2021-03-16 10:26:47,659 [INFO] in scala-execution-context-global-47 - [warn] c.jpro - The requested application "0!appagendajpro" does not exist!
2021-03-16 10:26:53,197 [INFO] in scala-execution-context-global-47 - [info] c.jpro - application requested: 0!appagendajpro
2021-03-16 10:26:53,198 [INFO] in scala-execution-context-global-47 - [warn] c.jpro - The requested application "0!appagendajpro" does not exist!
2021-03-16 10:26:59,285 [INFO] in scala-execution-context-global-48 - [info] c.jpro - application requested: 0!appagendajpro
2021-03-16 10:26:59,287 [INFO] in scala-execution-context-global-48 - [warn] c.jpro - The requested application "0!appagendajpro" does not exist!
2021-03-16 10:27:05,990 [INFO] in scala-execution-context-global-48 - [info] c.jpro - application requested: 0!appagendajpro
2021-03-16 10:27:05,992 [INFO] in scala-execution-context-global-48 - [warn] c.jpro - The requested application "0!appagendajpro" does not exist!
2021-03-16 10:27:13,351 [INFO] in scala-execution-context-global-47 - [info] c.jpro - application requested: 0!appagendajpro
2021-03-16 10:27:13,352 [INFO] in scala-execution-context-global-47 - [warn] c.jpro - The requested application "0!appagendajpro" does not exist!
2021-03-16 10:27:21,463 [INFO] in scala-execution-context-global-47 - [info] c.jpro - application requested: 0!appagendajpro
2021-03-16 10:27:21,469 [INFO] in scala-execution-context-global-47 - [warn] c.jpro - The requested application "0!appagendajpro" does not exist!
2021-03-16 10:43:09,481 [INFO] in scala-execution-context-global-33 - [info] c.j.i.s.Initializer$ - redirected OUT / ERR
2021-03-16 10:43:09,482 [INFO] in scala-execution-context-global-33 - [info] c.j.i.s.Initializer$ - installed SLF4JBridge
2021-03-16 10:43:09,482 [INFO] in scala-execution-context-global-33 - [info] c.j.i.s.MonocleInitializer$ - screen: null
2021-03-16 10:43:09,482 [INFO] in scala-execution-context-global-33 - Warning: Quantum will not submit render jobs, nothing should draw
2021-03-16 10:43:09,483 [INFO] in scala-execution-context-global-33 - [info] c.j.i.s.Initializer$ - finished init!
2021-03-16 10:43:09,483 [INFO] in scala-execution-context-global-33 - [info] c.j.i.s.Initializer$ - JavaFX version: 11.0.3.4-jpro+0-2019-12-20-085014
2021-03-16 10:43:10,153 [INFO] in scala-execution-context-global-49 - [info] c.j.i.c.m.ChartJSONImExporter - Imported chart data Tue Mar 16 10:43:09 CET 2021
2021-03-16 10:43:10,162 [INFO] in scala-execution-context-global-49 - [info] c.j.i.c.m.DynamicDataModel - Started Monitoring chart data...
2021-03-16 10:43:10,731 [INFO] in scala-execution-context-global-49 - [info] play.api.Play - Application started (Prod)
2021-03-16 10:43:12,073 [INFO] in scala-execution-context-global-49 - [info] p.c.s.AkkaHttpServer - Listening for HTTP on /0:0:0:0:0:0:0:0:8080
2021-03-16 10:43:16,338 [INFO] in scala-execution-context-global-49 - [warn] c.jpro - jpro.plainFile - Couldn't get resource for: 'jpro/html/favicon.ico'
2021-03-16 10:48:24,594 [INFO] in scala-execution-context-global-32 - [info] c.j.i.s.Initializer$ - redirected OUT / ERR
2021-03-16 10:48:24,595 [INFO] in scala-execution-context-global-32 - [info] c.j.i.s.Initializer$ - installed SLF4JBridge
2021-03-16 10:48:24,595 [INFO] in scala-execution-context-global-32 - [info] c.j.i.s.MonocleInitializer$ - screen: null
2021-03-16 10:48:24,595 [INFO] in scala-execution-context-global-32 - Warning: Quantum will not submit render jobs, nothing should draw
2021-03-16 10:48:24,595 [INFO] in scala-execution-context-global-32 - [info] c.j.i.s.Initializer$ - finished init!
2021-03-16 10:48:24,595 [INFO] in scala-execution-context-global-32 - [info] c.j.i.s.Initializer$ - JavaFX version: 11.0.3.4-jpro+0-2019-12-20-085014
2021-03-16 10:48:25,193 [INFO] in scala-execution-context-global-48 - [info] c.j.i.c.m.ChartJSONImExporter - Imported chart data Tue Mar 16 10:48:24 CET 2021
2021-03-16 10:48:25,204 [INFO] in scala-execution-context-global-48 - [info] c.j.i.c.m.DynamicDataModel - Started Monitoring chart data...
2021-03-16 10:48:25,705 [INFO] in scala-execution-context-global-48 - [info] play.api.Play - Application started (Prod)
2021-03-16 10:48:27,205 [INFO] in scala-execution-context-global-48 - [info] p.c.s.AkkaHttpServer - Listening for HTTP on /0:0:0:0:0:0:0:0:8080
2021-03-16 10:48:33,224 [INFO] in scala-execution-context-global-48 - [warn] c.jpro - jpro.plainFile - Couldn't get resource for: 'jpro/html/favicon.ico'
2021-03-16 18:25:32,914 [INFO] in scala-execution-context-global-32 - [info] c.j.i.s.Initializer$ - redirected OUT / ERR
2021-03-16 18:25:32,918 [INFO] in scala-execution-context-global-32 - [info] c.j.i.s.Initializer$ - installed SLF4JBridge
2021-03-16 18:25:32,919 [INFO] in scala-execution-context-global-32 - [info] c.j.i.s.MonocleInitializer$ - screen: null
2021-03-16 18:25:32,919 [INFO] in scala-execution-context-global-32 - Warning: Quantum will not submit render jobs, nothing should draw
2021-03-16 18:25:32,920 [INFO] in scala-execution-context-global-32 - [info] c.j.i.s.Initializer$ - finished init!
2021-03-16 18:25:32,920 [INFO] in scala-execution-context-global-32 - [info] c.j.i.s.Initializer$ - JavaFX version: 11.0.3.4-jpro+0-2019-12-20-085014
2021-03-16 18:25:33,399 [INFO] in scala-execution-context-global-47 - [info] c.j.i.c.m.ChartJSONImExporter - Imported chart data Tue Mar 16 18:25:32 CET 2021
2021-03-16 18:25:33,408 [INFO] in scala-execution-context-global-47 - [info] c.j.i.c.m.DynamicDataModel - Started Monitoring chart data...
2021-03-16 18:25:33,817 [INFO] in scala-execution-context-global-47 - [info] play.api.Play - Application started (Prod)
2021-03-16 18:25:34,929 [INFO] in scala-execution-context-global-47 - [info] p.c.s.AkkaHttpServer - Listening for HTTP on /0:0:0:0:0:0:0:0:8080
2021-03-16 18:25:39,570 [INFO] in scala-execution-context-global-47 - [info] c.jpro - application requested: 0!appagendajpro
2021-03-16 18:25:39,594 [INFO] in scala-execution-context-global-47 - [warn] c.jpro - The requested application "0!appagendajpro" does not exist!
2021-03-16 18:25:39,614 [INFO] in scala-execution-context-global-47 - [warn] c.jpro - jpro.plainFile - Couldn't get resource for: 'jpro/html/favicon.ico'
2021-03-16 18:25:44,710 [INFO] in scala-execution-context-global-47 - [info] c.jpro - application requested: 0!appagendajpro
2021-03-16 18:25:44,713 [INFO] in scala-execution-context-global-47 - [warn] c.jpro - The requested application "0!appagendajpro" does not exist!
2021-03-16 18:25:50,316 [INFO] in scala-execution-context-global-47 - [info] c.jpro - application requested: 0!appagendajpro
2021-03-16 18:25:50,323 [INFO] in scala-execution-context-global-47 - [warn] c.jpro - The requested application "0!appagendajpro" does not exist!
2021-03-16 18:25:56,462 [INFO] in scala-execution-context-global-47 - [info] c.jpro - application requested: 0!appagendajpro
2021-03-16 18:25:56,464 [INFO] in scala-execution-context-global-47 - [warn] c.jpro - The requested application "0!appagendajpro" does not exist!
2021-03-16 18:26:03,188 [INFO] in scala-execution-context-global-47 - [info] c.jpro - application requested: 0!appagendajpro
2021-03-16 18:26:03,189 [INFO] in scala-execution-context-global-47 - [warn] c.jpro - The requested application "0!appagendajpro" does not exist!
2021-03-16 18:26:10,591 [INFO] in scala-execution-context-global-47 - [info] c.jpro - application requested: 0!appagendajpro
2021-03-16 18:26:10,593 [INFO] in scala-execution-context-global-47 - [warn] c.jpro - The requested application "0!appagendajpro" does not exist!
2021-03-16 18:29:16,819 [INFO] in scala-execution-context-global-32 - [info] c.jpro - application requested: 0!appagendajpro
2021-03-16 18:29:16,822 [INFO] in scala-execution-context-global-32 - [warn] c.jpro - The requested application "0!appagendajpro" does not exist!
2021-03-16 18:29:27,661 [INFO] in scala-execution-context-global-63 - [info] c.jpro - application requested: 0!appagendajpro
2021-03-16 18:29:27,664 [INFO] in scala-execution-context-global-63 - [warn] c.jpro - The requested application "0!appagendajpro" does not exist!
2021-03-16 18:29:37,659 [INFO] in scala-execution-context-global-32 - [info] c.jpro - application requested: 0!appagendajpro
2021-03-16 18:29:37,667 [INFO] in scala-execution-context-global-32 - [warn] c.jpro - The requested application "0!appagendajpro" does not exist!
2021-03-16 18:29:42,610 [INFO] in scala-execution-context-global-32 - [info] c.jpro - application requested: 0!appagendajpro
2021-03-16 18:29:42,612 [INFO] in scala-execution-context-global-32 - [warn] c.jpro - The requested application "0!appagendajpro" does not exist!
2021-03-16 18:36:19,043 [INFO] in scala-execution-context-global-32 - [info] c.j.i.s.Initializer$ - redirected OUT / ERR
2021-03-16 18:36:19,044 [INFO] in scala-execution-context-global-32 - [info] c.j.i.s.Initializer$ - installed SLF4JBridge
2021-03-16 18:36:19,045 [INFO] in scala-execution-context-global-32 - [info] c.j.i.s.MonocleInitializer$ - screen: null
2021-03-16 18:36:19,045 [INFO] in scala-execution-context-global-32 - Warning: Quantum will not submit render jobs, nothing should draw
2021-03-16 18:36:19,046 [INFO] in scala-execution-context-global-32 - [info] c.j.i.s.Initializer$ - finished init!
2021-03-16 18:36:19,046 [INFO] in scala-execution-context-global-32 - [info] c.j.i.s.Initializer$ - JavaFX version: 11.0.3.4-jpro+0-2019-12-20-085014
2021-03-16 18:36:19,540 [INFO] in scala-execution-context-global-48 - [info] c.j.i.c.m.ChartJSONImExporter - Imported chart data Tue Mar 16 18:36:19 CET 2021
2021-03-16 18:36:19,550 [INFO] in scala-execution-context-global-48 - [info] c.j.i.c.m.DynamicDataModel - Started Monitoring chart data...
2021-03-16 18:36:20,007 [INFO] in scala-execution-context-global-48 - [info] play.api.Play - Application started (Prod)
2021-03-16 18:36:21,229 [INFO] in scala-execution-context-global-48 - [info] p.c.s.AkkaHttpServer - Listening for HTTP on /0:0:0:0:0:0:0:0:8080
2021-03-16 18:36:23,177 [INFO] in scala-execution-context-global-48 - [info] c.jpro - application requested: 0!appagendajpro
2021-03-16 18:36:23,195 [INFO] in scala-execution-context-global-48 - [warn] c.jpro - The requested application "0!appagendajpro" does not exist!
2021-03-16 18:44:02,671 [INFO] in scala-execution-context-global-32 - [info] c.j.i.s.Initializer$ - redirected OUT / ERR
2021-03-16 18:44:02,671 [INFO] in scala-execution-context-global-32 - [info] c.j.i.s.Initializer$ - installed SLF4JBridge
2021-03-16 18:44:02,672 [INFO] in scala-execution-context-global-32 - [info] c.j.i.s.MonocleInitializer$ - screen: null
2021-03-16 18:44:02,672 [INFO] in scala-execution-context-global-32 - Warning: Quantum will not submit render jobs, nothing should draw
2021-03-16 18:44:02,673 [INFO] in scala-execution-context-global-32 - [info] c.j.i.s.Initializer$ - finished init!
2021-03-16 18:44:02,673 [INFO] in scala-execution-context-global-32 - [info] c.j.i.s.Initializer$ - JavaFX version: 11.0.3.4-jpro+0-2019-12-20-085014
2021-03-16 18:44:03,149 [INFO] in scala-execution-context-global-47 - [info] c.j.i.c.m.ChartJSONImExporter - Imported chart data Tue Mar 16 18:44:02 CET 2021
2021-03-16 18:44:03,162 [INFO] in scala-execution-context-global-47 - [info] c.j.i.c.m.DynamicDataModel - Started Monitoring chart data...
2021-03-16 18:44:03,551 [INFO] in scala-execution-context-global-47 - [info] play.api.Play - Application started (Prod)
2021-03-16 18:44:04,582 [INFO] in scala-execution-context-global-47 - [info] p.c.s.AkkaHttpServer - Listening for HTTP on /0:0:0:0:0:0:0:0:8080
2021-03-16 18:44:06,940 [INFO] in scala-execution-context-global-47 - [info] c.jpro - application requested: 0!undefined
2021-03-16 18:44:06,949 [INFO] in scala-execution-context-global-47 - [warn] c.jpro - The requested application "0!undefined" does not exist!
2021-03-16 18:44:12,024 [INFO] in scala-execution-context-global-47 - [info] c.jpro - application requested: 0!undefined
2021-03-16 18:44:12,026 [INFO] in scala-execution-context-global-47 - [warn] c.jpro - The requested application "0!undefined" does not exist!
2021-03-16 18:44:17,597 [INFO] in scala-execution-context-global-47 - [info] c.jpro - application requested: 0!undefined
2021-03-16 18:44:17,601 [INFO] in scala-execution-context-global-47 - [warn] c.jpro - The requested application "0!undefined" does not exist!
2021-03-16 18:44:40,100 [INFO] in scala-execution-context-global-47 - [info] c.jpro - application requested: 0!undefined
2021-03-16 18:44:40,100 [INFO] in scala-execution-context-global-47 - [warn] c.jpro - The requested application "0!undefined" does not exist!
2021-03-16 18:46:17,161 [INFO] in scala-execution-context-global-32 - [info] c.j.i.s.Initializer$ - redirected OUT / ERR
2021-03-16 18:46:17,162 [INFO] in scala-execution-context-global-32 - [info] c.j.i.s.Initializer$ - installed SLF4JBridge
2021-03-16 18:46:17,162 [INFO] in scala-execution-context-global-32 - [info] c.j.i.s.MonocleInitializer$ - screen: null
2021-03-16 18:46:17,163 [INFO] in scala-execution-context-global-32 - Warning: Quantum will not submit render jobs, nothing should draw
2021-03-16 18:46:17,163 [INFO] in scala-execution-context-global-32 - [info] c.j.i.s.Initializer$ - finished init!
2021-03-16 18:46:17,164 [INFO] in scala-execution-context-global-32 - [info] c.j.i.s.Initializer$ - JavaFX version: 11.0.3.4-jpro+0-2019-12-20-085014
2021-03-16 18:46:17,642 [INFO] in scala-execution-context-global-48 - [info] c.j.i.c.m.ChartJSONImExporter - Imported chart data Tue Mar 16 18:46:16 CET 2021
2021-03-16 18:46:17,661 [INFO] in scala-execution-context-global-48 - [info] c.j.i.c.m.DynamicDataModel - Started Monitoring chart data...
2021-03-16 18:46:18,092 [INFO] in scala-execution-context-global-48 - [info] play.api.Play - Application started (Prod)
2021-03-16 18:46:19,279 [INFO] in scala-execution-context-global-48 - [info] p.c.s.AkkaHttpServer - Listening for HTTP on /0:0:0:0:0:0:0:0:8080
2021-03-16 18:46:21,662 [INFO] in scala-execution-context-global-48 - [info] c.jpro - application requested: 0!appagendajpro
2021-03-16 18:46:21,674 [INFO] in scala-execution-context-global-48 - [warn] c.jpro - The requested application "0!appagendajpro" does not exist!
2021-03-16 18:46:26,753 [INFO] in scala-execution-context-global-48 - [info] c.jpro - application requested: 0!appagendajpro
2021-03-16 18:46:26,757 [INFO] in scala-execution-context-global-48 - [warn] c.jpro - The requested application "0!appagendajpro" does not exist!
2021-03-16 18:46:32,349 [INFO] in scala-execution-context-global-48 - [info] c.jpro - application requested: 0!appagendajpro
2021-03-16 18:46:32,351 [INFO] in scala-execution-context-global-48 - [warn] c.jpro - The requested application "0!appagendajpro" does not exist!
2021-03-16 18:46:38,490 [INFO] in scala-execution-context-global-48 - [info] c.jpro - application requested: 0!appagendajpro
2021-03-16 18:46:38,492 [INFO] in scala-execution-context-global-48 - [warn] c.jpro - The requested application "0!appagendajpro" does not exist!
2021-03-16 18:46:40,983 [INFO] in scala-execution-context-global-48 - [info] c.jpro - application requested: 0!appagendajpro
2021-03-16 18:46:40,984 [INFO] in scala-execution-context-global-48 - [warn] c.jpro - The requested application "0!appagendajpro" does not exist!
2021-03-16 18:46:41,055 [INFO] in scala-execution-context-global-48 - [info] c.jpro - application requested: 0!undefined
2021-03-16 18:46:41,058 [INFO] in scala-execution-context-global-48 - [warn] c.jpro - The requested application "0!undefined" does not exist!
2021-03-16 19:38:59,592 [INFO] in scala-execution-context-global-32 - [info] c.j.i.s.Initializer$ - redirected OUT / ERR
2021-03-16 19:38:59,595 [INFO] in scala-execution-context-global-32 - [info] c.j.i.s.Initializer$ - installed SLF4JBridge
2021-03-16 19:38:59,596 [INFO] in scala-execution-context-global-32 - [info] c.j.i.s.MonocleInitializer$ - screen: null
2021-03-16 19:38:59,596 [INFO] in scala-execution-context-global-32 - Warning: Quantum will not submit render jobs, nothing should draw
2021-03-16 19:38:59,597 [INFO] in scala-execution-context-global-32 - [info] c.j.i.s.Initializer$ - finished init!
2021-03-16 19:38:59,597 [INFO] in scala-execution-context-global-32 - [info] c.j.i.s.Initializer$ - JavaFX version: 11.0.3.4-jpro+0-2019-12-20-085014
2021-03-16 19:39:00,162 [INFO] in scala-execution-context-global-48 - [info] c.j.i.c.m.ChartJSONImExporter - Imported chart data Tue Mar 16 19:38:59 CET 2021
2021-03-16 19:39:00,171 [INFO] in scala-execution-context-global-48 - [info] c.j.i.c.m.DynamicDataModel - Started Monitoring chart data...
2021-03-16 19:39:00,613 [INFO] in scala-execution-context-global-48 - [info] play.api.Play - Application started (Prod)
2021-03-16 19:39:01,701 [INFO] in scala-execution-context-global-48 - [info] p.c.s.AkkaHttpServer - Listening for HTTP on /0:0:0:0:0:0:0:0:8080
2021-03-16 19:39:04,389 [INFO] in scala-execution-context-global-48 - [warn] c.jpro - jpro.plainFile - Couldn't get resource for: 'jpro/html/favicon.ico'
2021-03-16 19:39:04,403 [INFO] in scala-execution-context-global-48 - [info] c.jpro - application requested: 0!appagendajpro
2021-03-16 19:39:04,420 [INFO] in scala-execution-context-global-48 - [warn] c.jpro - The requested application "0!appagendajpro" does not exist!
2021-03-16 20:10:47,273 [INFO] in scala-execution-context-global-32 - [info] c.j.i.s.Initializer$ - redirected OUT / ERR
2021-03-16 20:10:47,274 [INFO] in scala-execution-context-global-32 - [info] c.j.i.s.Initializer$ - installed SLF4JBridge
2021-03-16 20:10:47,275 [INFO] in scala-execution-context-global-32 - [info] c.j.i.s.MonocleInitializer$ - screen: null
2021-03-16 20:10:47,275 [INFO] in scala-execution-context-global-32 - Warning: Quantum will not submit render jobs, nothing should draw
2021-03-16 20:10:47,276 [INFO] in scala-execution-context-global-32 - [info] c.j.i.s.Initializer$ - finished init!
2021-03-16 20:10:47,277 [INFO] in scala-execution-context-global-32 - [info] c.j.i.s.Initializer$ - JavaFX version: 11.0.3.4-jpro+0-2019-12-20-085014
2021-03-16 20:10:47,779 [INFO] in scala-execution-context-global-48 - [info] c.j.i.c.m.ChartJSONImExporter - Imported chart data Tue Mar 16 20:10:46 CET 2021
2021-03-16 20:10:47,800 [INFO] in scala-execution-context-global-48 - [info] c.j.i.c.m.DynamicDataModel - Started Monitoring chart data...
2021-03-16 20:10:48,190 [INFO] in scala-execution-context-global-47 - [info] play.api.Play - Application started (Prod)
2021-03-16 20:10:49,175 [INFO] in scala-execution-context-global-47 - [info] p.c.s.AkkaHttpServer - Listening for HTTP on /0:0:0:0:0:0:0:0:8080
2021-03-16 20:10:51,222 [INFO] in scala-execution-context-global-47 - [info] c.jpro - application requested: 0!appagendajpro
2021-03-16 20:10:51,235 [INFO] in scala-execution-context-global-47 - [warn] c.jpro - The requested application "0!appagendajpro" does not exist!
2021-03-16 20:10:56,315 [INFO] in scala-execution-context-global-47 - [info] c.jpro - application requested: 0!appagendajpro
2021-03-16 20:10:56,318 [INFO] in scala-execution-context-global-47 - [warn] c.jpro - The requested application "0!appagendajpro" does not exist!
2021-03-16 20:11:01,910 [INFO] in scala-execution-context-global-47 - [info] c.jpro - application requested: 0!appagendajpro
2021-03-16 20:11:01,913 [INFO] in scala-execution-context-global-47 - [warn] c.jpro - The requested application "0!appagendajpro" does not exist!
2021-03-16 20:11:08,027 [INFO] in scala-execution-context-global-47 - [info] c.jpro - application requested: 0!appagendajpro
2021-03-16 20:11:08,030 [INFO] in scala-execution-context-global-47 - [warn] c.jpro - The requested application "0!appagendajpro" does not exist!
2021-03-16 20:11:14,730 [INFO] in scala-execution-context-global-48 - [info] c.jpro - application requested: 0!appagendajpro
2021-03-16 20:11:14,731 [INFO] in scala-execution-context-global-48 - [warn] c.jpro - The requested application "0!appagendajpro" does not exist!
2021-03-16 20:11:22,092 [INFO] in scala-execution-context-global-47 - [info] c.jpro - application requested: 0!appagendajpro
2021-03-16 20:11:22,094 [INFO] in scala-execution-context-global-47 - [warn] c.jpro - The requested application "0!appagendajpro" does not exist!
2021-03-16 20:11:30,229 [INFO] in scala-execution-context-global-47 - [info] c.jpro - application requested: 0!appagendajpro
2021-03-16 20:11:30,241 [INFO] in scala-execution-context-global-47 - [warn] c.jpro - The requested application "0!appagendajpro" does not exist!
2021-03-16 20:11:39,187 [INFO] in scala-execution-context-global-47 - [info] c.jpro - application requested: 0!appagendajpro
2021-03-16 20:11:39,190 [INFO] in scala-execution-context-global-47 - [warn] c.jpro - The requested application "0!appagendajpro" does not exist!
2021-03-16 20:11:49,018 [INFO] in scala-execution-context-global-47 - [info] c.jpro - application requested: 0!appagendajpro
2021-03-16 20:11:49,018 [INFO] in scala-execution-context-global-47 - [warn] c.jpro - The requested application "0!appagendajpro" does not exist!
2021-03-16 20:11:59,800 [INFO] in scala-execution-context-global-48 - [info] c.jpro - application requested: 0!appagendajpro
2021-03-16 20:11:59,801 [INFO] in scala-execution-context-global-48 - [warn] c.jpro - The requested application "0!appagendajpro" does not exist!
2021-03-16 20:12:59,020 [INFO] in scala-execution-context-global-32 - [info] c.j.i.s.Initializer$ - redirected OUT / ERR
2021-03-16 20:12:59,021 [INFO] in scala-execution-context-global-32 - [info] c.j.i.s.Initializer$ - installed SLF4JBridge
2021-03-16 20:12:59,021 [INFO] in scala-execution-context-global-32 - [info] c.j.i.s.MonocleInitializer$ - screen: null
2021-03-16 20:12:59,021 [INFO] in scala-execution-context-global-32 - Warning: Quantum will not submit render jobs, nothing should draw
2021-03-16 20:12:59,022 [INFO] in scala-execution-context-global-32 - [info] c.j.i.s.Initializer$ - finished init!
2021-03-16 20:12:59,023 [INFO] in scala-execution-context-global-32 - [info] c.j.i.s.Initializer$ - JavaFX version: 11.0.3.4-jpro+0-2019-12-20-085014
2021-03-16 20:12:59,517 [INFO] in scala-execution-context-global-48 - [info] c.j.i.c.m.ChartJSONImExporter - Imported chart data Tue Mar 16 20:12:59 CET 2021
2021-03-16 20:12:59,527 [INFO] in scala-execution-context-global-48 - [info] c.j.i.c.m.DynamicDataModel - Started Monitoring chart data...
2021-03-16 20:12:59,896 [INFO] in scala-execution-context-global-48 - [info] play.api.Play - Application started (Prod)
2021-03-16 20:13:00,968 [INFO] in scala-execution-context-global-48 - [info] p.c.s.AkkaHttpServer - Listening for HTTP on /0:0:0:0:0:0:0:0:8080
2021-03-16 20:13:03,323 [INFO] in scala-execution-context-global-48 - [info] c.jpro - application requested: 0!appagendajpro
2021-03-16 20:13:03,347 [INFO] in scala-execution-context-global-48 - [warn] c.jpro - The requested application "0!appagendajpro" does not exist!
2021-03-16 20:13:21,890 [INFO] in scala-execution-context-global-48 - [info] c.jpro - application requested: 0!appagendajpro
2021-03-16 20:13:21,891 [INFO] in scala-execution-context-global-48 - [warn] c.jpro - The requested application "0!appagendajpro" does not exist!
2021-03-16 20:13:23,156 [INFO] in scala-execution-context-global-46 - [info] c.jpro - application requested: 0!appagendajpro
2021-03-16 20:13:23,160 [INFO] in scala-execution-context-global-46 - [warn] c.jpro - The requested application "0!appagendajpro" does not exist!
2021-03-16 20:19:34,619 [INFO] in scala-execution-context-global-33 - [info] c.j.i.s.Initializer$ - redirected OUT / ERR
2021-03-16 20:19:34,620 [INFO] in scala-execution-context-global-33 - [info] c.j.i.s.Initializer$ - installed SLF4JBridge
2021-03-16 20:19:34,624 [INFO] in scala-execution-context-global-33 - [info] c.j.i.s.MonocleInitializer$ - screen: null
2021-03-16 20:19:34,624 [INFO] in scala-execution-context-global-33 - Warning: Quantum will not submit render jobs, nothing should draw
2021-03-16 20:19:34,625 [INFO] in scala-execution-context-global-33 - [info] c.j.i.s.Initializer$ - finished init!
2021-03-16 20:19:34,625 [INFO] in scala-execution-context-global-33 - [info] c.j.i.s.Initializer$ - JavaFX version: 11.0.3.4-jpro+0-2019-12-20-085014
2021-03-16 20:19:35,087 [INFO] in scala-execution-context-global-49 - [info] c.j.i.c.m.ChartJSONImExporter - Imported chart data Tue Mar 16 20:19:34 CET 2021
2021-03-16 20:19:35,095 [INFO] in scala-execution-context-global-49 - [info] c.j.i.c.m.DynamicDataModel - Started Monitoring chart data...
2021-03-16 20:19:35,541 [INFO] in scala-execution-context-global-49 - [info] play.api.Play - Application started (Prod)
2021-03-16 20:19:36,546 [INFO] in scala-execution-context-global-49 - [info] p.c.s.AkkaHttpServer - Listening for HTTP on /0:0:0:0:0:0:0:0:8080
2021-03-16 20:19:38,846 [INFO] in scala-execution-context-global-49 - [info] c.jpro - application requested: 0!appagendajpro
2021-03-16 20:19:38,857 [INFO] in scala-execution-context-global-49 - [warn] c.jpro - The requested application "0!appagendajpro" does not exist!
2021-03-16 20:22:09,387 [INFO] in scala-execution-context-global-33 - [info] c.j.i.s.Initializer$ - redirected OUT / ERR
2021-03-16 20:22:09,388 [INFO] in scala-execution-context-global-33 - [info] c.j.i.s.Initializer$ - installed SLF4JBridge
2021-03-16 20:22:09,389 [INFO] in scala-execution-context-global-33 - [info] c.j.i.s.MonocleInitializer$ - screen: null
2021-03-16 20:22:09,389 [INFO] in scala-execution-context-global-33 - Warning: Quantum will not submit render jobs, nothing should draw
2021-03-16 20:22:09,389 [INFO] in scala-execution-context-global-33 - [info] c.j.i.s.Initializer$ - finished init!
2021-03-16 20:22:09,390 [INFO] in scala-execution-context-global-33 - [info] c.j.i.s.Initializer$ - JavaFX version: 11.0.3.4-jpro+0-2019-12-20-085014
2021-03-16 20:22:09,931 [INFO] in scala-execution-context-global-49 - [info] c.j.i.c.m.ChartJSONImExporter - Imported chart data Tue Mar 16 20:22:08 CET 2021
2021-03-16 20:22:09,944 [INFO] in scala-execution-context-global-49 - [info] c.j.i.c.m.DynamicDataModel - Started Monitoring chart data...
2021-03-16 20:22:10,455 [INFO] in scala-execution-context-global-49 - [info] play.api.Play - Application started (Prod)
2021-03-16 20:22:11,661 [INFO] in scala-execution-context-global-49 - [info] p.c.s.AkkaHttpServer - Listening for HTTP on /0:0:0:0:0:0:0:0:8080
2021-03-16 20:22:13,543 [INFO] in scala-execution-context-global-49 - [info] c.jpro - application requested: 0!appagendajpro
2021-03-16 20:22:13,558 [INFO] in scala-execution-context-global-49 - [warn] c.jpro - The requested application "0!appagendajpro" does not exist!
2021-03-16 20:22:18,312 [INFO] in scala-execution-context-global-49 - [info] c.jpro - application requested: 0!appagendajpro
2021-03-16 20:22:18,314 [INFO] in scala-execution-context-global-49 - [warn] c.jpro - The requested application "0!appagendajpro" does not exist!
2021-03-16 20:25:44,146 [INFO] in scala-execution-context-global-32 - [info] c.j.i.s.Initializer$ - redirected OUT / ERR
2021-03-16 20:25:44,147 [INFO] in scala-execution-context-global-32 - [info] c.j.i.s.Initializer$ - installed SLF4JBridge
2021-03-16 20:25:44,147 [INFO] in scala-execution-context-global-32 - [info] c.j.i.s.MonocleInitializer$ - screen: null
2021-03-16 20:25:44,147 [INFO] in scala-execution-context-global-32 - Warning: Quantum will not submit render jobs, nothing should draw
2021-03-16 20:25:44,148 [INFO] in scala-execution-context-global-32 - [info] c.j.i.s.Initializer$ - finished init!
2021-03-16 20:25:44,148 [INFO] in scala-execution-context-global-32 - [info] c.j.i.s.Initializer$ - JavaFX version: 11.0.3.4-jpro+0-2019-12-20-085014
2021-03-16 20:25:44,628 [INFO] in scala-execution-context-global-48 - [info] c.j.i.c.m.ChartJSONImExporter - Imported chart data Tue Mar 16 20:25:43 CET 2021
2021-03-16 20:25:44,633 [INFO] in scala-execution-context-global-48 - [info] c.j.i.c.m.DynamicDataModel - Started Monitoring chart data...
2021-03-16 20:25:45,060 [INFO] in scala-execution-context-global-48 - [info] play.api.Play - Application started (Prod)
2021-03-16 20:25:46,046 [INFO] in scala-execution-context-global-48 - [info] p.c.s.AkkaHttpServer - Listening for HTTP on /0:0:0:0:0:0:0:0:8080
2021-03-16 20:25:47,650 [INFO] in scala-execution-context-global-48 - [info] c.jpro - application requested: 0!appagendajpro
2021-03-16 20:25:47,671 [INFO] in scala-execution-context-global-48 - [info] c.jpro - Creating Application: 0!appagendajpro
2021-03-16 20:25:47,678 [INFO] in scala-execution-context-global-48 - [info] c.jpro - remoteAddress 0:0:0:0:0:0:0:1
2021-03-16 20:25:47,680 [INFO] in scala-execution-context-global-48 - [info] c.jpro - host          localhost:8080
2021-03-16 20:25:47,681 [INFO] in scala-execution-context-global-48 - [info] c.jpro - uri           /app/0!appagendajpro
2021-03-16 20:25:48,408 [INFO] in scala-execution-context-global-48 - [info] c.j.i.s.ViewSerializerActor - appdef: AppByMain(appagendajpro,AppAgendaJPRO.Main,None,NamedClassLoader(system),false) clientinfo: ClientInfo(http://localhost:8080/,http://localhost:8080/app/appagendajpro,1366.0,657.0,false,es-ES,List(es-ES, es, en),Map(),Map(Host -> List(localhost:8080), Origin -> List(http://localhost:8080), Pragma -> List(no-cache), Upgrade -> List(websocket), Connection -> List(Upgrade), User-Agent -> List(Mozilla/5.0 (Windows NT 10.0; Win64; x64) AppleWebKit/537.36 (KHTML, like Gecko) Chrome/89.0.4389.82 Safari/537.36), Cache-Control -> List(no-cache), Remote-Address -> List(0:0:0:0:0:0:0:1:61987), Timeout-Access -> List(<function1>), Accept-Encoding -> List(gzip, deflate, br), Accept-Language -> List(es-ES,es;q=0.9,en;q=0.8), Raw-Request-URI -> List(/app/0!appagendajpro), Tls-Session-Info -> List(Session(1615922745401|SSL_NULL_WITH_NULL_NULL)), Sec-WebSocket-Key -> List(pV3lnCuSmMuvQPQMgo+U+Q==), UpgradeToWebSocket -> List(), Sec-WebSocket-Version -> List(13), Sec-WebSocket-Extensions -> List(permessage-deflate; client_max_window_bits)))out: Actor[akka://application/system/StreamSupervisor-0/$$f-actorRefSource#992479880]
2021-03-16 20:25:50,369 [INFO] in scala-execution-context-global-48 - [EL Info]: 2021-03-16 20:25:50.357--ServerSession(1098658305)--EclipseLink, version: Eclipse Persistence Services - 2.5.2.v20140319-9ad6abd
2021-03-16 20:25:51,201 [INFO] in scala-execution-context-global-48 - [EL Info]: connection: 2021-03-16 20:25:51.2--ServerSession(1098658305)--file:/C:/Users/UsuarioDAM/Documents/NetBeansProjectsp/DI/Tema 7/Bueno/AppAgendaJPRO/build/resources/main/_AppAgendaPU login successful
2021-03-16 20:25:53,904 [INFO] in scala-execution-context-global-48 - [info] com.jpro.JS - received msg: new MainID: 5508 userid: 72263764
2021-03-16 20:26:34,121 [INFO] in scala-execution-context-global-48 - [error] c.j.m.t.SceneInputListener - Error while processing the input: MouseEventToken(MouseReleased,94.0,29.0,MouseButtonToken(3),false,false,false,false,false,false,false,false) app: stage title: App Agenda
2021-03-16 20:26:34,122 [INFO] in scala-execution-context-global-48 - java.lang.reflect.InvocationTargetException: null
2021-03-16 20:26:34,123 [INFO] in scala-execution-context-global-48 - 	at jdk.internal.reflect.GeneratedMethodAccessor21.invoke(Unknown Source)
2021-03-16 20:26:34,124 [INFO] in scala-execution-context-global-48 - 	at java.base/jdk.internal.reflect.DelegatingMethodAccessorImpl.invoke(DelegatingMethodAccessorImpl.java:43)
2021-03-16 20:26:34,124 [INFO] in scala-execution-context-global-48 - 	at java.base/java.lang.reflect.Method.invoke(Method.java:567)
2021-03-16 20:26:34,125 [INFO] in scala-execution-context-global-48 - 	at simplefx.util.ReflectionUtil$UseReflection.applyDynamic(ReflectionUtil.scala:21)
2021-03-16 20:26:34,126 [INFO] in scala-execution-context-global-48 - 	at com.jpro.meta.tk.SceneInputListener.processInputInScene(SceneInputListener.scala:169)
2021-03-16 20:26:34,126 [INFO] in scala-execution-context-global-48 - 	at com.jpro.meta.tk.SceneInputListener.processInput(SceneInputListener.scala:117)
2021-03-16 20:26:34,126 [INFO] in scala-execution-context-global-48 - 	at com.jpro.meta.tk.SceneInputListener.processInputs(SceneInputListener.scala:98)
2021-03-16 20:26:34,126 [INFO] in scala-execution-context-global-48 - 	at com.jpro.meta.tk.SceneInputListener.$anonfun$new$4(SceneInputListener.scala:39)
2021-03-16 20:26:34,126 [INFO] in scala-execution-context-global-48 - 	at simplefx.cores.standard.parts.CoreTimeEvent.$anonfun$runAsAnimation$1(CoreTimeEvent.scala:64)
2021-03-16 20:26:34,126 [INFO] in scala-execution-context-global-48 - 	at simplefx.cores.standard.parts.CoreTimeEvent$$anon$2.handle(CoreTimeEvent.scala:46)
2021-03-16 20:26:34,126 [INFO] in scala-execution-context-global-48 - Caused by: java.lang.reflect.InvocationTargetException: null
2021-03-16 20:26:34,127 [INFO] in scala-execution-context-global-48 - 	at jdk.internal.reflect.GeneratedMethodAccessor19.invoke(Unknown Source)
2021-03-16 20:26:34,127 [INFO] in scala-execution-context-global-48 - 	at java.base/jdk.internal.reflect.DelegatingMethodAccessorImpl.invoke(DelegatingMethodAccessorImpl.java:43)
2021-03-16 20:26:34,127 [INFO] in scala-execution-context-global-48 - 	at java.base/java.lang.reflect.Method.invoke(Method.java:567)
2021-03-16 20:26:34,127 [INFO] in scala-execution-context-global-48 - 	at simplefx.util.ReflectionUtil$UseReflection.applyDynamic(ReflectionUtil.scala:21)
2021-03-16 20:26:34,128 [INFO] in scala-execution-context-global-48 - 	at com.sun.glass.ui.monocle.input.fork.NativeMouseInput.notifyMouse(NativeMouseInput.scala:330)
2021-03-16 20:26:34,128 [INFO] in scala-execution-context-global-48 - 	at com.sun.glass.ui.monocle.input.fork.NativeMouseInput.postMouseEvent(NativeMouseInput.scala:226)
2021-03-16 20:26:34,128 [INFO] in scala-execution-context-global-48 - 	at com.sun.glass.ui.monocle.input.fork.NativeMouseInput.setState(NativeMouseInput.scala:186)
2021-03-16 20:26:34,128 [INFO] in scala-execution-context-global-48 - 	at jdk.internal.reflect.GeneratedMethodAccessor21.invoke(Unknown Source)
2021-03-16 20:26:34,128 [INFO] in scala-execution-context-global-48 - 	at java.base/jdk.internal.reflect.DelegatingMethodAccessorImpl.invoke(DelegatingMethodAccessorImpl.java:43)
2021-03-16 20:26:34,129 [INFO] in scala-execution-context-global-48 - 	at java.base/java.lang.reflect.Method.invoke(Method.java:567)
2021-03-16 20:26:34,129 [INFO] in scala-execution-context-global-48 - Caused by: java.lang.RuntimeException: java.lang.reflect.InvocationTargetException
2021-03-16 20:26:34,129 [INFO] in scala-execution-context-global-48 - 	at javafx.fxml.FXMLLoader$MethodHandler.invoke(FXMLLoader.java:1787)
2021-03-16 20:26:34,129 [INFO] in scala-execution-context-global-48 - 	at javafx.fxml.FXMLLoader$ControllerMethodEventHandler.handle(FXMLLoader.java:1670)
2021-03-16 20:26:34,129 [INFO] in scala-execution-context-global-48 - 	at com.sun.javafx.event.CompositeEventHandler.dispatchBubblingEvent(CompositeEventHandler.java:86)
2021-03-16 20:26:34,129 [INFO] in scala-execution-context-global-48 - 	at com.sun.javafx.event.EventHandlerManager.dispatchBubblingEvent(EventHandlerManager.java:238)
2021-03-16 20:26:34,130 [INFO] in scala-execution-context-global-48 - 	at com.sun.javafx.event.EventHandlerManager.dispatchBubblingEvent(EventHandlerManager.java:191)
2021-03-16 20:26:34,130 [INFO] in scala-execution-context-global-48 - 	at com.sun.javafx.event.CompositeEventDispatcher.dispatchBubblingEvent(CompositeEventDispatcher.java:59)
2021-03-16 20:26:34,130 [INFO] in scala-execution-context-global-47 - 	at com.sun.javafx.event.BasicEventDispatcher.dispatchEvent(BasicEventDispatcher.java:58)
2021-03-16 20:26:34,131 [INFO] in scala-execution-context-global-47 - 	at com.sun.javafx.event.EventDispatchChainImpl.dispatchEvent(EventDispatchChainImpl.java:114)
2021-03-16 20:26:34,131 [INFO] in scala-execution-context-global-47 - 	at com.sun.javafx.event.BasicEventDispatcher.dispatchEvent(BasicEventDispatcher.java:56)
2021-03-16 20:26:34,131 [INFO] in scala-execution-context-global-47 - 	at com.sun.javafx.event.EventDispatchChainImpl.dispatchEvent(EventDispatchChainImpl.java:114)
2021-03-16 20:26:34,131 [INFO] in scala-execution-context-global-47 - Caused by: java.lang.reflect.InvocationTargetException: null
2021-03-16 20:26:34,131 [INFO] in scala-execution-context-global-47 - 	at java.base/jdk.internal.reflect.NativeMethodAccessorImpl.invoke0(Native Method)
2021-03-16 20:26:34,131 [INFO] in scala-execution-context-global-47 - 	at java.base/jdk.internal.reflect.NativeMethodAccessorImpl.invoke(NativeMethodAccessorImpl.java:62)
2021-03-16 20:26:34,131 [INFO] in scala-execution-context-global-47 - 	at java.base/jdk.internal.reflect.DelegatingMethodAccessorImpl.invoke(DelegatingMethodAccessorImpl.java:43)
2021-03-16 20:26:34,131 [INFO] in scala-execution-context-global-47 - 	at java.base/java.lang.reflect.Method.invoke(Method.java:567)
2021-03-16 20:26:34,132 [INFO] in scala-execution-context-global-47 - 	at com.sun.javafx.reflect.Trampoline.invoke(MethodUtil.java:76)
2021-03-16 20:26:34,132 [INFO] in scala-execution-context-global-47 - 	at jdk.internal.reflect.GeneratedMethodAccessor6.invoke(Unknown Source)
2021-03-16 20:26:34,132 [INFO] in scala-execution-context-global-47 - 	at java.base/jdk.internal.reflect.DelegatingMethodAccessorImpl.invoke(DelegatingMethodAccessorImpl.java:43)
2021-03-16 20:26:34,132 [INFO] in scala-execution-context-global-47 - 	at java.base/java.lang.reflect.Method.invoke(Method.java:567)
2021-03-16 20:26:34,132 [INFO] in scala-execution-context-global-47 - 	at com.sun.javafx.reflect.MethodUtil.invoke(MethodUtil.java:273)
2021-03-16 20:26:34,132 [INFO] in scala-execution-context-global-47 - 	at com.sun.javafx.fxml.MethodHelper.invoke(MethodHelper.java:83)
2021-03-16 20:26:34,133 [INFO] in scala-execution-context-global-47 - Caused by: java.lang.NullPointerException: null
2021-03-16 20:26:34,133 [INFO] in scala-execution-context-global-47 - 	at AppAgendaJPRO.PersonaDetalleViewController.setPersona(PersonaDetalleViewController.java:98)
2021-03-16 20:26:34,133 [INFO] in scala-execution-context-global-47 - 	at AppAgendaJPRO.AgendaViewController.onActionButtonEditar(AgendaViewController.java:180)
2021-03-16 20:26:34,133 [INFO] in scala-execution-context-global-47 - 	at java.base/jdk.internal.reflect.NativeMethodAccessorImpl.invoke0(Native Method)
2021-03-16 20:26:34,133 [INFO] in scala-execution-context-global-47 - 	at java.base/jdk.internal.reflect.NativeMethodAccessorImpl.invoke(NativeMethodAccessorImpl.java:62)
2021-03-16 20:26:34,133 [INFO] in scala-execution-context-global-47 - 	at java.base/jdk.internal.reflect.DelegatingMethodAccessorImpl.invoke(DelegatingMethodAccessorImpl.java:43)
2021-03-16 20:26:34,133 [INFO] in scala-execution-context-global-47 - 	at java.base/java.lang.reflect.Method.invoke(Method.java:567)
2021-03-16 20:26:34,133 [INFO] in scala-execution-context-global-47 - 	at com.sun.javafx.reflect.Trampoline.invoke(MethodUtil.java:76)
2021-03-16 20:26:34,134 [INFO] in scala-execution-context-global-47 - 	at jdk.internal.reflect.GeneratedMethodAccessor6.invoke(Unknown Source)
2021-03-16 20:26:34,134 [INFO] in scala-execution-context-global-47 - 	at java.base/jdk.internal.reflect.DelegatingMethodAccessorImpl.invoke(DelegatingMethodAccessorImpl.java:43)
2021-03-16 20:26:34,134 [INFO] in scala-execution-context-global-47 - 	at java.base/java.lang.reflect.Method.invoke(Method.java:567)
2021-03-16 20:27:08,976 [INFO] in scala-execution-context-global-32 - [info] c.j.i.s.ViewInfo$ - 
2021-03-16 20:27:08,977 [INFO] in scala-execution-context-global-32 - [info] c.j.i.s.ViewInfo$ - Application closed:
2021-03-16 20:27:08,977 [INFO] in scala-execution-context-global-32 - [info] c.j.i.s.ViewInfo$ - startTime      : Tue Mar 16 20:27:08 CET 2021      
2021-03-16 20:27:08,977 [INFO] in scala-execution-context-global-32 - [info] c.j.i.s.ViewInfo$ - averageLatency : 00:00:00.028 
2021-03-16 20:27:08,977 [INFO] in scala-execution-context-global-32 - [info] c.j.i.s.ViewInfo$ - averageJitter  : 00:00:00.017  
2021-03-16 20:27:08,978 [INFO] in scala-execution-context-global-32 - [info] c.j.i.s.ViewInfo$ - framerateServer: 00:00:00.000
2021-03-16 20:27:08,982 [INFO] in scala-execution-context-global-48 - [info] c.j.i.s.ViewInfo$ - framerateClient: 00:00:00.000
2021-03-16 20:27:08,983 [INFO] in scala-execution-context-global-48 - [info] c.j.i.s.ViewInfo$ - raw            : 726157
2021-03-16 20:27:08,983 [INFO] in scala-execution-context-global-48 - [info] c.j.i.s.ViewInfo$ - zipped         : 128659
2021-03-16 20:27:08,984 [INFO] in scala-execution-context-global-45 - [info] c.j.i.s.ViewInfo$ - 
2021-03-16 20:27:25,207 [INFO] in scala-execution-context-global-48 - [info] c.jpro - application requested: 0!appagendajpro
2021-03-16 20:27:25,223 [INFO] in scala-execution-context-global-48 - [info] c.jpro - Creating Application: 0!appagendajpro
2021-03-16 20:27:25,224 [INFO] in scala-execution-context-global-48 - [info] c.jpro - remoteAddress 0:0:0:0:0:0:0:1
2021-03-16 20:27:25,224 [INFO] in scala-execution-context-global-48 - [info] c.jpro - host          localhost:8080
2021-03-16 20:27:25,225 [INFO] in scala-execution-context-global-48 - [info] c.jpro - uri           /app/0!appagendajpro
2021-03-16 20:27:25,298 [INFO] in scala-execution-context-global-47 - [info] c.j.i.s.ViewSerializerActor - appdef: AppByMain(appagendajpro,AppAgendaJPRO.Main,None,NamedClassLoader(system),false) clientinfo: ClientInfo(http://localhost:8080/,http://localhost:8080/app/appagendajpro,1366.0,657.0,false,es-ES,List(es-ES, es, en),Map(),Map(Host -> List(localhost:8080), Origin -> List(http://localhost:8080), Pragma -> List(no-cache), Upgrade -> List(websocket), Connection -> List(Upgrade), User-Agent -> List(Mozilla/5.0 (Windows NT 10.0; Win64; x64) AppleWebKit/537.36 (KHTML, like Gecko) Chrome/89.0.4389.82 Safari/537.36), Cache-Control -> List(no-cache), Remote-Address -> List(0:0:0:0:0:0:0:1:62023), Timeout-Access -> List(<function1>), Accept-Encoding -> List(gzip, deflate, br), Accept-Language -> List(es-ES,es;q=0.9,en;q=0.8), Raw-Request-URI -> List(/app/0!appagendajpro), Tls-Session-Info -> List(Session(1615922745401|SSL_NULL_WITH_NULL_NULL)), Sec-WebSocket-Key -> List(rrjxnGpsF6/vu/MvmZvgCw==), UpgradeToWebSocket -> List(), Sec-WebSocket-Version -> List(13), Sec-WebSocket-Extensions -> List(permessage-deflate; client_max_window_bits)))out: Actor[akka://application/system/StreamSupervisor-0/$$h-actorRefSource#34259598]
2021-03-16 20:27:26,295 [INFO] in scala-execution-context-global-47 - [info] com.jpro.JS - received msg: new MainID: 5508 userid: 1629729729
2021-03-16 20:27:26,670 [INFO] in scala-execution-context-global-47 - [info] c.j.i.s.ViewInfo$ - 
2021-03-16 20:27:26,670 [INFO] in scala-execution-context-global-47 - [info] c.j.i.s.ViewInfo$ - Application closed:
2021-03-16 20:27:26,670 [INFO] in scala-execution-context-global-47 - [info] c.j.i.s.ViewInfo$ - startTime      : Tue Mar 16 20:27:26 CET 2021      
2021-03-16 20:27:26,670 [INFO] in scala-execution-context-global-47 - [info] c.j.i.s.ViewInfo$ - averageLatency : 00:00:00.006 
2021-03-16 20:27:26,672 [INFO] in scala-execution-context-global-47 - [info] c.j.i.s.ViewInfo$ - averageJitter  : 00:00:00.012  
2021-03-16 20:27:26,672 [INFO] in scala-execution-context-global-47 - [info] c.j.i.s.ViewInfo$ - framerateServer: 00:00:00.000
2021-03-16 20:27:26,672 [INFO] in scala-execution-context-global-47 - [info] c.j.i.s.ViewInfo$ - framerateClient: 00:00:00.000
2021-03-16 20:27:26,672 [INFO] in scala-execution-context-global-47 - [info] c.j.i.s.ViewInfo$ - raw            : 181875
2021-03-16 20:27:26,674 [INFO] in scala-execution-context-global-47 - [info] c.j.i.s.ViewInfo$ - zipped         : 18343
2021-03-16 20:27:26,674 [INFO] in scala-execution-context-global-47 - [info] c.j.i.s.ViewInfo$ - 
2021-03-16 20:27:26,674 [INFO] in scala-execution-context-global-47 - [info] c.jpro - application requested: 0!appagendajpro
2021-03-16 20:27:26,674 [INFO] in scala-execution-context-global-47 - [info] c.jpro - Creating Application: 0!appagendajpro
2021-03-16 20:27:26,674 [INFO] in scala-execution-context-global-47 - [info] c.jpro - remoteAddress 0:0:0:0:0:0:0:1
2021-03-16 20:27:26,675 [INFO] in scala-execution-context-global-47 - [info] c.jpro - host          localhost:8080
2021-03-16 20:27:26,675 [INFO] in scala-execution-context-global-47 - [info] c.jpro - uri           /app/0!appagendajpro
2021-03-16 20:27:26,735 [INFO] in scala-execution-context-global-48 - [info] c.j.i.s.ViewSerializerActor - appdef: AppByMain(appagendajpro,AppAgendaJPRO.Main,None,NamedClassLoader(system),false) clientinfo: ClientInfo(http://localhost:8080/,http://localhost:8080/app/appagendajpro,1366.0,657.0,false,es-ES,List(es-ES, es, en),Map(),Map(Host -> List(localhost:8080), Origin -> List(http://localhost:8080), Pragma -> List(no-cache), Upgrade -> List(websocket), Connection -> List(Upgrade), User-Agent -> List(Mozilla/5.0 (Windows NT 10.0; Win64; x64) AppleWebKit/537.36 (KHTML, like Gecko) Chrome/89.0.4389.82 Safari/537.36), Cache-Control -> List(no-cache), Remote-Address -> List(0:0:0:0:0:0:0:1:62024), Timeout-Access -> List(<function1>), Accept-Encoding -> List(gzip, deflate, br), Accept-Language -> List(es-ES,es;q=0.9,en;q=0.8), Raw-Request-URI -> List(/app/0!appagendajpro), Tls-Session-Info -> List(Session(1615922745401|SSL_NULL_WITH_NULL_NULL)), Sec-WebSocket-Key -> List(jZ1+KiOfAbXZ4nAF5jPJfA==), UpgradeToWebSocket -> List(), Sec-WebSocket-Version -> List(13), Sec-WebSocket-Extensions -> List(permessage-deflate; client_max_window_bits)))out: Actor[akka://application/system/StreamSupervisor-0/$$j-actorRefSource#-58520661]
2021-03-16 20:27:27,376 [INFO] in scala-execution-context-global-48 - [info] com.jpro.JS - received msg: new MainID: 5508 userid: 382995739
2021-03-16 20:27:27,837 [INFO] in scala-execution-context-global-48 - [info] c.j.i.s.ViewInfo$ - 
2021-03-16 20:27:27,838 [INFO] in scala-execution-context-global-48 - [info] c.j.i.s.ViewInfo$ - Application closed:
2021-03-16 20:27:27,838 [INFO] in scala-execution-context-global-48 - [info] c.j.i.s.ViewInfo$ - startTime      : Tue Mar 16 20:27:27 CET 2021      
2021-03-16 20:27:27,838 [INFO] in scala-execution-context-global-48 - [info] c.j.i.s.ViewInfo$ - averageLatency : 00:00:00.000 
2021-03-16 20:27:27,838 [INFO] in scala-execution-context-global-48 - [info] c.j.i.s.ViewInfo$ - averageJitter  : 00:00:00.000  
2021-03-16 20:27:27,839 [INFO] in scala-execution-context-global-48 - [info] c.j.i.s.ViewInfo$ - framerateServer: 00:00:00.000
2021-03-16 20:27:27,839 [INFO] in scala-execution-context-global-48 - [info] c.j.i.s.ViewInfo$ - framerateClient: 00:00:00.000
2021-03-16 20:27:27,839 [INFO] in scala-execution-context-global-48 - [info] c.j.i.s.ViewInfo$ - raw            : 181875
2021-03-16 20:27:27,839 [INFO] in scala-execution-context-global-48 - [info] c.j.i.s.ViewInfo$ - zipped         : 18358
2021-03-16 20:27:27,839 [INFO] in scala-execution-context-global-48 - [info] c.j.i.s.ViewInfo$ - 
2021-03-16 20:27:32,084 [INFO] in scala-execution-context-global-47 - [info] c.j.i.c.InstanceImpl - closing window!
2021-03-16 20:27:33,185 [INFO] in scala-execution-context-global-47 - [info] c.j.i.c.InstanceImpl - closing window!
2021-03-16 20:27:40,566 [INFO] in scala-execution-context-global-47 - [info] c.j.i.c.InstanceImpl - closing window!
2021-03-16 20:27:40,681 [INFO] in scala-execution-context-global-47 - [EL Info]: connection: 2021-03-16 20:27:40.681--ServerSession(1098658305)--file:/C:/Users/UsuarioDAM/Documents/NetBeansProjectsp/DI/Tema 7/Bueno/AppAgendaJPRO/build/resources/main/_AppAgendaPU logout successful
