2021-03-16 10:08:15,698 [INFO] from akka.event.slf4j.Slf4jLogger in application-akka.actor.default-dispatcher-3 - Slf4jLogger started
2021-03-16 10:08:16,433 [INFO] from com.jpro.activity in Thread-0 - Starting the server
2021-03-16 10:08:16,434 [INFO] from com.jpro.internal.server.Initializer$ in Thread-0 -  *** Starting JPro: https://www.jpro.one/ ***
2021-03-16 10:08:16,434 [INFO] from com.jpro.internal.server.Initializer$ in Thread-0 - OS: Windows 10
2021-03-16 10:08:16,475 [INFO] from com.jpro.internal.server.Initializer$ in Thread-0 - JPro: 2019.2.6
2021-03-16 10:08:16,475 [INFO] from com.jpro.internal.server.Initializer$ in Thread-0 - Java version: 12.0.2
2021-03-16 10:08:16,475 [INFO] from com.jpro.internal.server.Initializer$ in Thread-0 - JVM: 12.0.2 Oracle Corporation
2021-03-16 10:08:16,554 [INFO] from com.jpro.internal.server.Initializer$ in Thread-0 - redirected OUT / ERR
2021-03-16 10:08:16,554 [INFO] from com.jpro.internal.server.Initializer$ in Thread-0 - installed SLF4JBridge
2021-03-16 10:08:16,657 [INFO] from com.jpro.internal.server.MonocleInitializer$ in Thread-0 - screen: null
2021-03-16 10:08:18,245 [INFO] from com.jpro.internal.server.Initializer$ in Thread-0 - finished init!
2021-03-16 10:08:18,252 [INFO] from com.jpro.internal.server.Initializer$ in JavaFX Application Thread - JavaFX version: 11.0.3.4-jpro+0-2019-12-20-085014
2021-03-16 10:08:18,478 [INFO] from com.jpro.internal.chart.model.ChartJSONImExporter in JavaFX Application Thread - Nothing to import
2021-03-16 10:08:18,509 [INFO] from com.jpro.internal.chart.model.DynamicDataModel in JavaFX Application Thread - Started Monitoring chart data...
2021-03-16 10:08:19,688 [INFO] from play.api.Play in Thread-0 - Application started (Prod)
2021-03-16 10:08:21,282 [INFO] from play.core.server.AkkaHttpServer in Thread-0 - Listening for HTTP on /0:0:0:0:0:0:0:0:8080
2021-03-16 10:08:26,831 [WARN] from controllers.jpro in application-akka.actor.default-dispatcher-8 - jpro.plainFile - Couldn't get resource for: 'jpro/html/favicon.ico'
2021-03-16 10:10:37,804 [INFO] from akka.event.slf4j.Slf4jLogger in application-akka.actor.default-dispatcher-2 - Slf4jLogger started
2021-03-16 10:10:38,534 [INFO] from com.jpro.activity in Thread-0 - Starting the server
2021-03-16 10:10:38,535 [INFO] from com.jpro.internal.server.Initializer$ in Thread-0 -  *** Starting JPro: https://www.jpro.one/ ***
2021-03-16 10:10:38,535 [INFO] from com.jpro.internal.server.Initializer$ in Thread-0 - OS: Windows 10
2021-03-16 10:10:38,581 [INFO] from com.jpro.internal.server.Initializer$ in Thread-0 - JPro: 2019.2.6
2021-03-16 10:10:38,581 [INFO] from com.jpro.internal.server.Initializer$ in Thread-0 - Java version: 12.0.2
2021-03-16 10:10:38,581 [INFO] from com.jpro.internal.server.Initializer$ in Thread-0 - JVM: 12.0.2 Oracle Corporation
2021-03-16 10:10:38,624 [INFO] from com.jpro.internal.server.Initializer$ in Thread-0 - redirected OUT / ERR
2021-03-16 10:10:38,625 [INFO] from com.jpro.internal.server.Initializer$ in Thread-0 - installed SLF4JBridge
2021-03-16 10:10:38,674 [INFO] from com.jpro.internal.server.MonocleInitializer$ in Thread-0 - screen: null
2021-03-16 10:10:40,435 [INFO] from com.jpro.internal.server.Initializer$ in Thread-0 - finished init!
2021-03-16 10:10:40,439 [INFO] from com.jpro.internal.server.Initializer$ in JavaFX Application Thread - JavaFX version: 11.0.3.4-jpro+0-2019-12-20-085014
2021-03-16 10:10:41,389 [INFO] from com.jpro.internal.chart.model.ChartJSONImExporter in JavaFX Application Thread - Imported chart data Tue Mar 16 10:10:39 CET 2021
2021-03-16 10:10:41,394 [INFO] from com.jpro.internal.chart.model.DynamicDataModel in JavaFX Application Thread - Started Monitoring chart data...
2021-03-16 10:10:42,156 [INFO] from play.api.Play in Thread-0 - Application started (Prod)
2021-03-16 10:10:43,836 [INFO] from play.core.server.AkkaHttpServer in Thread-0 - Listening for HTTP on /0:0:0:0:0:0:0:0:8080
2021-03-16 10:10:49,041 [WARN] from controllers.jpro in application-akka.actor.default-dispatcher-8 - jpro.plainFile - Couldn't get resource for: 'jpro/html/favicon.ico'
2021-03-16 10:12:04,963 [WARN] from controllers.jpro in application-akka.actor.default-dispatcher-8 - jpro.plainFile - Couldn't get resource for: 'jpro/html/favicon.ico'
2021-03-16 10:14:15,771 [INFO] from akka.event.slf4j.Slf4jLogger in application-akka.actor.default-dispatcher-3 - Slf4jLogger started
2021-03-16 10:14:17,184 [INFO] from com.jpro.activity in Thread-0 - Starting the server
2021-03-16 10:14:17,189 [INFO] from com.jpro.internal.server.Initializer$ in Thread-0 -  *** Starting JPro: https://www.jpro.one/ ***
2021-03-16 10:14:17,191 [INFO] from com.jpro.internal.server.Initializer$ in Thread-0 - OS: Windows 10
2021-03-16 10:14:17,234 [INFO] from com.jpro.internal.server.Initializer$ in Thread-0 - JPro: 2019.2.6
2021-03-16 10:14:17,234 [INFO] from com.jpro.internal.server.Initializer$ in Thread-0 - Java version: 12.0.2
2021-03-16 10:14:17,235 [INFO] from com.jpro.internal.server.Initializer$ in Thread-0 - JVM: 12.0.2 Oracle Corporation
2021-03-16 10:14:17,293 [INFO] from com.jpro.internal.server.Initializer$ in Thread-0 - redirected OUT / ERR
2021-03-16 10:14:17,295 [INFO] from com.jpro.internal.server.Initializer$ in Thread-0 - installed SLF4JBridge
2021-03-16 10:14:17,377 [INFO] from com.jpro.internal.server.MonocleInitializer$ in Thread-0 - screen: null
2021-03-16 10:14:19,976 [INFO] from com.jpro.internal.server.Initializer$ in Thread-0 - finished init!
2021-03-16 10:14:19,983 [INFO] from com.jpro.internal.server.Initializer$ in JavaFX Application Thread - JavaFX version: 11.0.3.4-jpro+0-2019-12-20-085014
2021-03-16 10:14:21,082 [INFO] from com.jpro.internal.chart.model.ChartJSONImExporter in JavaFX Application Thread - Imported chart data Tue Mar 16 10:14:19 CET 2021
2021-03-16 10:14:21,092 [INFO] from com.jpro.internal.chart.model.DynamicDataModel in JavaFX Application Thread - Started Monitoring chart data...
2021-03-16 10:14:21,692 [INFO] from play.api.Play in Thread-0 - Application started (Prod)
2021-03-16 10:14:23,225 [INFO] from play.core.server.AkkaHttpServer in Thread-0 - Listening for HTTP on /0:0:0:0:0:0:0:0:8080
2021-03-16 10:14:27,636 [WARN] from controllers.jpro in application-akka.actor.default-dispatcher-9 - jpro.plainFile - Couldn't get resource for: 'jpro/html/favicon.ico'
2021-03-16 10:19:45,182 [INFO] from controllers.jpro in application-akka.actor.default-dispatcher-17 - application requested: 0!appagendajpro
2021-03-16 10:19:45,203 [WARN] from controllers.jpro in application-akka.actor.default-dispatcher-17 - The requested application "0!appagendajpro" does not exist!
2021-03-16 10:19:50,249 [INFO] from controllers.jpro in application-akka.actor.default-dispatcher-14 - application requested: 0!appagendajpro
2021-03-16 10:19:50,250 [WARN] from controllers.jpro in application-akka.actor.default-dispatcher-14 - The requested application "0!appagendajpro" does not exist!
2021-03-16 10:19:55,789 [INFO] from controllers.jpro in application-akka.actor.default-dispatcher-14 - application requested: 0!appagendajpro
2021-03-16 10:19:55,790 [WARN] from controllers.jpro in application-akka.actor.default-dispatcher-14 - The requested application "0!appagendajpro" does not exist!
2021-03-16 10:20:01,871 [INFO] from controllers.jpro in application-akka.actor.default-dispatcher-8 - application requested: 0!appagendajpro
2021-03-16 10:20:01,872 [WARN] from controllers.jpro in application-akka.actor.default-dispatcher-8 - The requested application "0!appagendajpro" does not exist!
2021-03-16 10:20:08,564 [INFO] from controllers.jpro in application-akka.actor.default-dispatcher-13 - application requested: 0!appagendajpro
2021-03-16 10:20:08,565 [WARN] from controllers.jpro in application-akka.actor.default-dispatcher-13 - The requested application "0!appagendajpro" does not exist!
2021-03-16 10:21:08,518 [INFO] from akka.event.slf4j.Slf4jLogger in application-akka.actor.default-dispatcher-4 - Slf4jLogger started
2021-03-16 10:21:09,965 [INFO] from com.jpro.activity in Thread-0 - Starting the server
2021-03-16 10:21:10,027 [INFO] from com.jpro.internal.server.Initializer$ in Thread-0 -  *** Starting JPro: https://www.jpro.one/ ***
2021-03-16 10:21:10,030 [INFO] from com.jpro.internal.server.Initializer$ in Thread-0 - OS: Windows 10
2021-03-16 10:21:10,115 [INFO] from com.jpro.internal.server.Initializer$ in Thread-0 - JPro: 2019.2.6
2021-03-16 10:21:10,115 [INFO] from com.jpro.internal.server.Initializer$ in Thread-0 - Java version: 12.0.2
2021-03-16 10:21:10,118 [INFO] from com.jpro.internal.server.Initializer$ in Thread-0 - JVM: 12.0.2 Oracle Corporation
2021-03-16 10:21:10,212 [INFO] from com.jpro.internal.server.Initializer$ in Thread-0 - redirected OUT / ERR
2021-03-16 10:21:10,214 [INFO] from com.jpro.internal.server.Initializer$ in Thread-0 - installed SLF4JBridge
2021-03-16 10:21:10,366 [INFO] from com.jpro.internal.server.MonocleInitializer$ in Thread-0 - screen: null
2021-03-16 10:21:13,347 [INFO] from com.jpro.internal.server.Initializer$ in Thread-0 - finished init!
2021-03-16 10:21:13,348 [INFO] from com.jpro.internal.server.Initializer$ in JavaFX Application Thread - JavaFX version: 11.0.3.4-jpro+0-2019-12-20-085014
2021-03-16 10:21:14,488 [INFO] from com.jpro.internal.chart.model.ChartJSONImExporter in JavaFX Application Thread - Imported chart data Tue Mar 16 10:21:12 CET 2021
2021-03-16 10:21:14,514 [INFO] from com.jpro.internal.chart.model.DynamicDataModel in JavaFX Application Thread - Started Monitoring chart data...
2021-03-16 10:21:15,282 [INFO] from play.api.Play in Thread-0 - Application started (Prod)
2021-03-16 10:21:17,391 [INFO] from play.core.server.AkkaHttpServer in Thread-0 - Listening for HTTP on /0:0:0:0:0:0:0:0:8080
2021-03-16 10:21:25,992 [INFO] from controllers.jpro in application-akka.actor.default-dispatcher-8 - application requested: 0!appagendajpro
2021-03-16 10:21:26,014 [WARN] from controllers.jpro in application-akka.actor.default-dispatcher-10 - jpro.plainFile - Couldn't get resource for: 'jpro/html/favicon.ico'
2021-03-16 10:21:26,073 [WARN] from controllers.jpro in application-akka.actor.default-dispatcher-8 - The requested application "0!appagendajpro" does not exist!
2021-03-16 10:21:31,119 [INFO] from controllers.jpro in application-akka.actor.default-dispatcher-10 - application requested: 0!appagendajpro
2021-03-16 10:21:31,120 [WARN] from controllers.jpro in application-akka.actor.default-dispatcher-10 - The requested application "0!appagendajpro" does not exist!
2021-03-16 10:21:36,658 [INFO] from controllers.jpro in application-akka.actor.default-dispatcher-4 - application requested: 0!appagendajpro
2021-03-16 10:21:36,658 [WARN] from controllers.jpro in application-akka.actor.default-dispatcher-4 - The requested application "0!appagendajpro" does not exist!
2021-03-16 10:21:42,757 [INFO] from controllers.jpro in application-akka.actor.default-dispatcher-4 - application requested: 0!appagendajpro
2021-03-16 10:21:42,758 [WARN] from controllers.jpro in application-akka.actor.default-dispatcher-4 - The requested application "0!appagendajpro" does not exist!
2021-03-16 10:21:49,471 [INFO] from controllers.jpro in application-akka.actor.default-dispatcher-3 - application requested: 0!appagendajpro
2021-03-16 10:21:49,472 [WARN] from controllers.jpro in application-akka.actor.default-dispatcher-3 - The requested application "0!appagendajpro" does not exist!
2021-03-16 10:21:56,832 [INFO] from controllers.jpro in application-akka.actor.default-dispatcher-8 - application requested: 0!appagendajpro
2021-03-16 10:21:56,833 [WARN] from controllers.jpro in application-akka.actor.default-dispatcher-8 - The requested application "0!appagendajpro" does not exist!
2021-03-16 10:22:04,919 [INFO] from controllers.jpro in application-akka.actor.default-dispatcher-7 - application requested: 0!appagendajpro
2021-03-16 10:22:04,920 [WARN] from controllers.jpro in application-akka.actor.default-dispatcher-7 - The requested application "0!appagendajpro" does not exist!
2021-03-16 10:22:09,088 [INFO] from controllers.jpro in application-akka.actor.default-dispatcher-5 - application requested: 0!appagendajpro
2021-03-16 10:22:09,088 [WARN] from controllers.jpro in application-akka.actor.default-dispatcher-5 - The requested application "0!appagendajpro" does not exist!
2021-03-16 10:26:30,443 [INFO] from akka.event.slf4j.Slf4jLogger in application-akka.actor.default-dispatcher-3 - Slf4jLogger started
2021-03-16 10:26:31,547 [INFO] from com.jpro.activity in Thread-0 - Starting the server
2021-03-16 10:26:31,550 [INFO] from com.jpro.internal.server.Initializer$ in Thread-0 -  *** Starting JPro: https://www.jpro.one/ ***
2021-03-16 10:26:31,560 [INFO] from com.jpro.internal.server.Initializer$ in Thread-0 - OS: Windows 10
2021-03-16 10:26:31,602 [INFO] from com.jpro.internal.server.Initializer$ in Thread-0 - JPro: 2019.2.6
2021-03-16 10:26:31,602 [INFO] from com.jpro.internal.server.Initializer$ in Thread-0 - Java version: 12.0.2
2021-03-16 10:26:31,602 [INFO] from com.jpro.internal.server.Initializer$ in Thread-0 - JVM: 12.0.2 Oracle Corporation
2021-03-16 10:26:31,680 [INFO] from com.jpro.internal.server.Initializer$ in Thread-0 - redirected OUT / ERR
2021-03-16 10:26:31,681 [INFO] from com.jpro.internal.server.Initializer$ in Thread-0 - installed SLF4JBridge
2021-03-16 10:26:31,749 [INFO] from com.jpro.internal.server.MonocleInitializer$ in Thread-0 - screen: null
2021-03-16 10:26:33,750 [INFO] from com.jpro.internal.server.Initializer$ in Thread-0 - finished init!
2021-03-16 10:26:33,755 [INFO] from com.jpro.internal.server.Initializer$ in JavaFX Application Thread - JavaFX version: 11.0.3.4-jpro+0-2019-12-20-085014
2021-03-16 10:26:34,735 [INFO] from com.jpro.internal.chart.model.ChartJSONImExporter in JavaFX Application Thread - Imported chart data Tue Mar 16 10:26:33 CET 2021
2021-03-16 10:26:34,748 [INFO] from com.jpro.internal.chart.model.DynamicDataModel in JavaFX Application Thread - Started Monitoring chart data...
2021-03-16 10:26:35,405 [INFO] from play.api.Play in Thread-0 - Application started (Prod)
2021-03-16 10:26:37,086 [INFO] from play.core.server.AkkaHttpServer in Thread-0 - Listening for HTTP on /0:0:0:0:0:0:0:0:8080
2021-03-16 10:26:42,506 [WARN] from controllers.jpro in application-akka.actor.default-dispatcher-3 - jpro.plainFile - Couldn't get resource for: 'jpro/html/favicon.ico'
2021-03-16 10:26:42,509 [INFO] from controllers.jpro in application-akka.actor.default-dispatcher-8 - application requested: 0!appagendajpro
2021-03-16 10:26:42,542 [WARN] from controllers.jpro in application-akka.actor.default-dispatcher-8 - The requested application "0!appagendajpro" does not exist!
2021-03-16 10:26:47,656 [INFO] from controllers.jpro in application-akka.actor.default-dispatcher-2 - application requested: 0!appagendajpro
2021-03-16 10:26:47,657 [WARN] from controllers.jpro in application-akka.actor.default-dispatcher-2 - The requested application "0!appagendajpro" does not exist!
2021-03-16 10:26:53,191 [INFO] from controllers.jpro in application-akka.actor.default-dispatcher-3 - application requested: 0!appagendajpro
2021-03-16 10:26:53,191 [WARN] from controllers.jpro in application-akka.actor.default-dispatcher-3 - The requested application "0!appagendajpro" does not exist!
2021-03-16 10:26:59,284 [INFO] from controllers.jpro in application-akka.actor.default-dispatcher-8 - application requested: 0!appagendajpro
2021-03-16 10:26:59,284 [WARN] from controllers.jpro in application-akka.actor.default-dispatcher-8 - The requested application "0!appagendajpro" does not exist!
2021-03-16 10:27:05,989 [INFO] from controllers.jpro in application-akka.actor.default-dispatcher-3 - application requested: 0!appagendajpro
2021-03-16 10:27:05,989 [WARN] from controllers.jpro in application-akka.actor.default-dispatcher-3 - The requested application "0!appagendajpro" does not exist!
2021-03-16 10:27:13,349 [INFO] from controllers.jpro in application-akka.actor.default-dispatcher-8 - application requested: 0!appagendajpro
2021-03-16 10:27:13,350 [WARN] from controllers.jpro in application-akka.actor.default-dispatcher-8 - The requested application "0!appagendajpro" does not exist!
2021-03-16 10:27:21,458 [INFO] from controllers.jpro in application-akka.actor.default-dispatcher-9 - application requested: 0!appagendajpro
2021-03-16 10:27:21,461 [WARN] from controllers.jpro in application-akka.actor.default-dispatcher-9 - The requested application "0!appagendajpro" does not exist!
2021-03-16 10:43:07,393 [INFO] from akka.event.slf4j.Slf4jLogger in application-akka.actor.default-dispatcher-3 - Slf4jLogger started
2021-03-16 10:43:07,936 [INFO] from com.jpro.activity in Thread-0 - Starting the server
2021-03-16 10:43:07,937 [INFO] from com.jpro.internal.server.Initializer$ in Thread-0 -  *** Starting JPro: https://www.jpro.one/ ***
2021-03-16 10:43:07,937 [INFO] from com.jpro.internal.server.Initializer$ in Thread-0 - OS: Windows 10
2021-03-16 10:43:07,973 [INFO] from com.jpro.internal.server.Initializer$ in Thread-0 - JPro: 2019.2.6
2021-03-16 10:43:07,973 [INFO] from com.jpro.internal.server.Initializer$ in Thread-0 - Java version: 12.0.2
2021-03-16 10:43:07,973 [INFO] from com.jpro.internal.server.Initializer$ in Thread-0 - JVM: 12.0.2 Oracle Corporation
2021-03-16 10:43:08,005 [INFO] from com.jpro.internal.server.Initializer$ in Thread-0 - redirected OUT / ERR
2021-03-16 10:43:08,005 [INFO] from com.jpro.internal.server.Initializer$ in Thread-0 - installed SLF4JBridge
2021-03-16 10:43:08,053 [INFO] from com.jpro.internal.server.MonocleInitializer$ in Thread-0 - screen: null
2021-03-16 10:43:09,475 [INFO] from com.jpro.internal.server.Initializer$ in Thread-0 - finished init!
2021-03-16 10:43:09,476 [INFO] from com.jpro.internal.server.Initializer$ in JavaFX Application Thread - JavaFX version: 11.0.3.4-jpro+0-2019-12-20-085014
2021-03-16 10:43:10,145 [INFO] from com.jpro.internal.chart.model.ChartJSONImExporter in JavaFX Application Thread - Imported chart data Tue Mar 16 10:43:09 CET 2021
2021-03-16 10:43:10,157 [INFO] from com.jpro.internal.chart.model.DynamicDataModel in JavaFX Application Thread - Started Monitoring chart data...
2021-03-16 10:43:10,731 [INFO] from play.api.Play in Thread-0 - Application started (Prod)
2021-03-16 10:43:12,065 [INFO] from play.core.server.AkkaHttpServer in Thread-0 - Listening for HTTP on /0:0:0:0:0:0:0:0:8080
2021-03-16 10:43:16,334 [WARN] from controllers.jpro in application-akka.actor.default-dispatcher-4 - jpro.plainFile - Couldn't get resource for: 'jpro/html/favicon.ico'
2021-03-16 10:48:22,313 [INFO] from akka.event.slf4j.Slf4jLogger in application-akka.actor.default-dispatcher-3 - Slf4jLogger started
2021-03-16 10:48:22,954 [INFO] from com.jpro.activity in Thread-0 - Starting the server
2021-03-16 10:48:22,970 [INFO] from com.jpro.internal.server.Initializer$ in Thread-0 -  *** Starting JPro: https://www.jpro.one/ ***
2021-03-16 10:48:22,971 [INFO] from com.jpro.internal.server.Initializer$ in Thread-0 - OS: Windows 10
2021-03-16 10:48:23,007 [INFO] from com.jpro.internal.server.Initializer$ in Thread-0 - JPro: 2019.2.6
2021-03-16 10:48:23,009 [INFO] from com.jpro.internal.server.Initializer$ in Thread-0 - Java version: 12.0.2
2021-03-16 10:48:23,009 [INFO] from com.jpro.internal.server.Initializer$ in Thread-0 - JVM: 12.0.2 Oracle Corporation
2021-03-16 10:48:23,051 [INFO] from com.jpro.internal.server.Initializer$ in Thread-0 - redirected OUT / ERR
2021-03-16 10:48:23,051 [INFO] from com.jpro.internal.server.Initializer$ in Thread-0 - installed SLF4JBridge
2021-03-16 10:48:23,093 [INFO] from com.jpro.internal.server.MonocleInitializer$ in Thread-0 - screen: null
2021-03-16 10:48:24,584 [INFO] from com.jpro.internal.server.Initializer$ in Thread-0 - finished init!
2021-03-16 10:48:24,585 [INFO] from com.jpro.internal.server.Initializer$ in JavaFX Application Thread - JavaFX version: 11.0.3.4-jpro+0-2019-12-20-085014
2021-03-16 10:48:25,186 [INFO] from com.jpro.internal.chart.model.ChartJSONImExporter in JavaFX Application Thread - Imported chart data Tue Mar 16 10:48:24 CET 2021
2021-03-16 10:48:25,194 [INFO] from com.jpro.internal.chart.model.DynamicDataModel in JavaFX Application Thread - Started Monitoring chart data...
2021-03-16 10:48:25,703 [INFO] from play.api.Play in Thread-0 - Application started (Prod)
2021-03-16 10:48:27,202 [INFO] from play.core.server.AkkaHttpServer in Thread-0 - Listening for HTTP on /0:0:0:0:0:0:0:0:8080
2021-03-16 10:48:33,222 [WARN] from controllers.jpro in application-akka.actor.default-dispatcher-6 - jpro.plainFile - Couldn't get resource for: 'jpro/html/favicon.ico'
2021-03-16 18:25:31,065 [INFO] from akka.event.slf4j.Slf4jLogger in application-akka.actor.default-dispatcher-3 - Slf4jLogger started
2021-03-16 18:25:31,529 [INFO] from com.jpro.activity in Thread-0 - Starting the server
2021-03-16 18:25:31,529 [INFO] from com.jpro.internal.server.Initializer$ in Thread-0 -  *** Starting JPro: https://www.jpro.one/ ***
2021-03-16 18:25:31,529 [INFO] from com.jpro.internal.server.Initializer$ in Thread-0 - OS: Windows 10
2021-03-16 18:25:31,562 [INFO] from com.jpro.internal.server.Initializer$ in Thread-0 - JPro: 2019.2.6
2021-03-16 18:25:31,564 [INFO] from com.jpro.internal.server.Initializer$ in Thread-0 - Java version: 12.0.2
2021-03-16 18:25:31,564 [INFO] from com.jpro.internal.server.Initializer$ in Thread-0 - JVM: 12.0.2 Oracle Corporation
2021-03-16 18:25:31,599 [INFO] from com.jpro.internal.server.Initializer$ in Thread-0 - redirected OUT / ERR
2021-03-16 18:25:31,599 [INFO] from com.jpro.internal.server.Initializer$ in Thread-0 - installed SLF4JBridge
2021-03-16 18:25:31,654 [INFO] from com.jpro.internal.server.MonocleInitializer$ in Thread-0 - screen: null
2021-03-16 18:25:32,907 [INFO] from com.jpro.internal.server.Initializer$ in Thread-0 - finished init!
2021-03-16 18:25:32,908 [INFO] from com.jpro.internal.server.Initializer$ in JavaFX Application Thread - JavaFX version: 11.0.3.4-jpro+0-2019-12-20-085014
2021-03-16 18:25:33,397 [INFO] from com.jpro.internal.chart.model.ChartJSONImExporter in JavaFX Application Thread - Imported chart data Tue Mar 16 18:25:32 CET 2021
2021-03-16 18:25:33,404 [INFO] from com.jpro.internal.chart.model.DynamicDataModel in JavaFX Application Thread - Started Monitoring chart data...
2021-03-16 18:25:33,817 [INFO] from play.api.Play in Thread-0 - Application started (Prod)
2021-03-16 18:25:34,926 [INFO] from play.core.server.AkkaHttpServer in Thread-0 - Listening for HTTP on /0:0:0:0:0:0:0:0:8080
2021-03-16 18:25:39,568 [INFO] from controllers.jpro in application-akka.actor.default-dispatcher-4 - application requested: 0!appagendajpro
2021-03-16 18:25:39,591 [WARN] from controllers.jpro in application-akka.actor.default-dispatcher-4 - The requested application "0!appagendajpro" does not exist!
2021-03-16 18:25:39,608 [WARN] from controllers.jpro in application-akka.actor.default-dispatcher-3 - jpro.plainFile - Couldn't get resource for: 'jpro/html/favicon.ico'
2021-03-16 18:25:44,706 [INFO] from controllers.jpro in application-akka.actor.default-dispatcher-2 - application requested: 0!appagendajpro
2021-03-16 18:25:44,709 [WARN] from controllers.jpro in application-akka.actor.default-dispatcher-2 - The requested application "0!appagendajpro" does not exist!
2021-03-16 18:25:50,314 [INFO] from controllers.jpro in application-akka.actor.default-dispatcher-3 - application requested: 0!appagendajpro
2021-03-16 18:25:50,315 [WARN] from controllers.jpro in application-akka.actor.default-dispatcher-3 - The requested application "0!appagendajpro" does not exist!
2021-03-16 18:25:56,455 [INFO] from controllers.jpro in application-akka.actor.default-dispatcher-4 - application requested: 0!appagendajpro
2021-03-16 18:25:56,456 [WARN] from controllers.jpro in application-akka.actor.default-dispatcher-4 - The requested application "0!appagendajpro" does not exist!
2021-03-16 18:26:03,186 [INFO] from controllers.jpro in application-akka.actor.default-dispatcher-9 - application requested: 0!appagendajpro
2021-03-16 18:26:03,188 [WARN] from controllers.jpro in application-akka.actor.default-dispatcher-9 - The requested application "0!appagendajpro" does not exist!
2021-03-16 18:26:10,589 [INFO] from controllers.jpro in application-akka.actor.default-dispatcher-9 - application requested: 0!appagendajpro
2021-03-16 18:26:10,591 [WARN] from controllers.jpro in application-akka.actor.default-dispatcher-9 - The requested application "0!appagendajpro" does not exist!
2021-03-16 18:29:16,812 [INFO] from controllers.jpro in application-akka.actor.default-dispatcher-4 - application requested: 0!appagendajpro
2021-03-16 18:29:16,813 [WARN] from controllers.jpro in application-akka.actor.default-dispatcher-4 - The requested application "0!appagendajpro" does not exist!
2021-03-16 18:29:27,653 [INFO] from controllers.jpro in application-akka.actor.default-dispatcher-15 - application requested: 0!appagendajpro
2021-03-16 18:29:27,653 [WARN] from controllers.jpro in application-akka.actor.default-dispatcher-15 - The requested application "0!appagendajpro" does not exist!
2021-03-16 18:29:37,658 [INFO] from controllers.jpro in application-akka.actor.default-dispatcher-19 - application requested: 0!appagendajpro
2021-03-16 18:29:37,661 [WARN] from controllers.jpro in application-akka.actor.default-dispatcher-19 - The requested application "0!appagendajpro" does not exist!
2021-03-16 18:29:42,607 [INFO] from controllers.jpro in application-akka.actor.default-dispatcher-15 - application requested: 0!appagendajpro
2021-03-16 18:29:42,607 [WARN] from controllers.jpro in application-akka.actor.default-dispatcher-15 - The requested application "0!appagendajpro" does not exist!
2021-03-16 18:36:17,203 [INFO] from akka.event.slf4j.Slf4jLogger in application-akka.actor.default-dispatcher-3 - Slf4jLogger started
2021-03-16 18:36:17,651 [INFO] from com.jpro.activity in Thread-0 - Starting the server
2021-03-16 18:36:17,651 [INFO] from com.jpro.internal.server.Initializer$ in Thread-0 -  *** Starting JPro: https://www.jpro.one/ ***
2021-03-16 18:36:17,651 [INFO] from com.jpro.internal.server.Initializer$ in Thread-0 - OS: Windows 10
2021-03-16 18:36:17,679 [INFO] from com.jpro.internal.server.Initializer$ in Thread-0 - JPro: 2019.2.6
2021-03-16 18:36:17,679 [INFO] from com.jpro.internal.server.Initializer$ in Thread-0 - Java version: 12.0.2
2021-03-16 18:36:17,679 [INFO] from com.jpro.internal.server.Initializer$ in Thread-0 - JVM: 12.0.2 Oracle Corporation
2021-03-16 18:36:17,708 [INFO] from com.jpro.internal.server.Initializer$ in Thread-0 - redirected OUT / ERR
2021-03-16 18:36:17,708 [INFO] from com.jpro.internal.server.Initializer$ in Thread-0 - installed SLF4JBridge
2021-03-16 18:36:17,748 [INFO] from com.jpro.internal.server.MonocleInitializer$ in Thread-0 - screen: null
2021-03-16 18:36:19,040 [INFO] from com.jpro.internal.server.Initializer$ in Thread-0 - finished init!
2021-03-16 18:36:19,041 [INFO] from com.jpro.internal.server.Initializer$ in JavaFX Application Thread - JavaFX version: 11.0.3.4-jpro+0-2019-12-20-085014
2021-03-16 18:36:19,537 [INFO] from com.jpro.internal.chart.model.ChartJSONImExporter in JavaFX Application Thread - Imported chart data Tue Mar 16 18:36:19 CET 2021
2021-03-16 18:36:19,543 [INFO] from com.jpro.internal.chart.model.DynamicDataModel in JavaFX Application Thread - Started Monitoring chart data...
2021-03-16 18:36:20,005 [INFO] from play.api.Play in Thread-0 - Application started (Prod)
2021-03-16 18:36:21,226 [INFO] from play.core.server.AkkaHttpServer in Thread-0 - Listening for HTTP on /0:0:0:0:0:0:0:0:8080
2021-03-16 18:36:23,174 [INFO] from controllers.jpro in application-akka.actor.default-dispatcher-2 - application requested: 0!appagendajpro
2021-03-16 18:36:23,187 [WARN] from controllers.jpro in application-akka.actor.default-dispatcher-2 - The requested application "0!appagendajpro" does not exist!
2021-03-16 18:44:00,870 [INFO] from akka.event.slf4j.Slf4jLogger in application-akka.actor.default-dispatcher-2 - Slf4jLogger started
2021-03-16 18:44:01,322 [INFO] from com.jpro.activity in Thread-0 - Starting the server
2021-03-16 18:44:01,322 [INFO] from com.jpro.internal.server.Initializer$ in Thread-0 -  *** Starting JPro: https://www.jpro.one/ ***
2021-03-16 18:44:01,322 [INFO] from com.jpro.internal.server.Initializer$ in Thread-0 - OS: Windows 10
2021-03-16 18:44:01,355 [INFO] from com.jpro.internal.server.Initializer$ in Thread-0 - JPro: 2019.2.6
2021-03-16 18:44:01,355 [INFO] from com.jpro.internal.server.Initializer$ in Thread-0 - Java version: 12.0.2
2021-03-16 18:44:01,355 [INFO] from com.jpro.internal.server.Initializer$ in Thread-0 - JVM: 12.0.2 Oracle Corporation
2021-03-16 18:44:01,382 [INFO] from com.jpro.internal.server.Initializer$ in Thread-0 - redirected OUT / ERR
2021-03-16 18:44:01,382 [INFO] from com.jpro.internal.server.Initializer$ in Thread-0 - installed SLF4JBridge
2021-03-16 18:44:01,438 [INFO] from com.jpro.internal.server.MonocleInitializer$ in Thread-0 - screen: null
2021-03-16 18:44:02,669 [INFO] from com.jpro.internal.server.Initializer$ in Thread-0 - finished init!
2021-03-16 18:44:02,670 [INFO] from com.jpro.internal.server.Initializer$ in JavaFX Application Thread - JavaFX version: 11.0.3.4-jpro+0-2019-12-20-085014
2021-03-16 18:44:03,147 [INFO] from com.jpro.internal.chart.model.ChartJSONImExporter in JavaFX Application Thread - Imported chart data Tue Mar 16 18:44:02 CET 2021
2021-03-16 18:44:03,154 [INFO] from com.jpro.internal.chart.model.DynamicDataModel in JavaFX Application Thread - Started Monitoring chart data...
2021-03-16 18:44:03,551 [INFO] from play.api.Play in Thread-0 - Application started (Prod)
2021-03-16 18:44:04,578 [INFO] from play.core.server.AkkaHttpServer in Thread-0 - Listening for HTTP on /0:0:0:0:0:0:0:0:8080
2021-03-16 18:44:06,939 [INFO] from controllers.jpro in application-akka.actor.default-dispatcher-6 - application requested: 0!undefined
2021-03-16 18:44:06,948 [WARN] from controllers.jpro in application-akka.actor.default-dispatcher-6 - The requested application "0!undefined" does not exist!
2021-03-16 18:44:12,023 [INFO] from controllers.jpro in application-akka.actor.default-dispatcher-6 - application requested: 0!undefined
2021-03-16 18:44:12,024 [WARN] from controllers.jpro in application-akka.actor.default-dispatcher-6 - The requested application "0!undefined" does not exist!
2021-03-16 18:44:17,596 [INFO] from controllers.jpro in application-akka.actor.default-dispatcher-4 - application requested: 0!undefined
2021-03-16 18:44:17,598 [WARN] from controllers.jpro in application-akka.actor.default-dispatcher-4 - The requested application "0!undefined" does not exist!
2021-03-16 18:44:40,095 [INFO] from controllers.jpro in application-akka.actor.default-dispatcher-6 - application requested: 0!undefined
2021-03-16 18:44:40,095 [WARN] from controllers.jpro in application-akka.actor.default-dispatcher-6 - The requested application "0!undefined" does not exist!
2021-03-16 18:46:15,350 [INFO] from akka.event.slf4j.Slf4jLogger in application-akka.actor.default-dispatcher-2 - Slf4jLogger started
2021-03-16 18:46:15,785 [INFO] from com.jpro.activity in Thread-0 - Starting the server
2021-03-16 18:46:15,786 [INFO] from com.jpro.internal.server.Initializer$ in Thread-0 -  *** Starting JPro: https://www.jpro.one/ ***
2021-03-16 18:46:15,786 [INFO] from com.jpro.internal.server.Initializer$ in Thread-0 - OS: Windows 10
2021-03-16 18:46:15,798 [INFO] from com.jpro.internal.server.Initializer$ in Thread-0 - JPro: 2019.2.6
2021-03-16 18:46:15,798 [INFO] from com.jpro.internal.server.Initializer$ in Thread-0 - Java version: 12.0.2
2021-03-16 18:46:15,798 [INFO] from com.jpro.internal.server.Initializer$ in Thread-0 - JVM: 12.0.2 Oracle Corporation
2021-03-16 18:46:15,854 [INFO] from com.jpro.internal.server.Initializer$ in Thread-0 - redirected OUT / ERR
2021-03-16 18:46:15,855 [INFO] from com.jpro.internal.server.Initializer$ in Thread-0 - installed SLF4JBridge
2021-03-16 18:46:15,900 [INFO] from com.jpro.internal.server.MonocleInitializer$ in Thread-0 - screen: null
2021-03-16 18:46:17,159 [INFO] from com.jpro.internal.server.Initializer$ in Thread-0 - finished init!
2021-03-16 18:46:17,160 [INFO] from com.jpro.internal.server.Initializer$ in JavaFX Application Thread - JavaFX version: 11.0.3.4-jpro+0-2019-12-20-085014
2021-03-16 18:46:17,640 [INFO] from com.jpro.internal.chart.model.ChartJSONImExporter in JavaFX Application Thread - Imported chart data Tue Mar 16 18:46:16 CET 2021
2021-03-16 18:46:17,646 [INFO] from com.jpro.internal.chart.model.DynamicDataModel in JavaFX Application Thread - Started Monitoring chart data...
2021-03-16 18:46:18,091 [INFO] from play.api.Play in Thread-0 - Application started (Prod)
2021-03-16 18:46:19,275 [INFO] from play.core.server.AkkaHttpServer in Thread-0 - Listening for HTTP on /0:0:0:0:0:0:0:0:8080
2021-03-16 18:46:21,662 [INFO] from controllers.jpro in application-akka.actor.default-dispatcher-10 - application requested: 0!appagendajpro
2021-03-16 18:46:21,672 [WARN] from controllers.jpro in application-akka.actor.default-dispatcher-10 - The requested application "0!appagendajpro" does not exist!
2021-03-16 18:46:26,749 [INFO] from controllers.jpro in application-akka.actor.default-dispatcher-10 - application requested: 0!appagendajpro
2021-03-16 18:46:26,752 [WARN] from controllers.jpro in application-akka.actor.default-dispatcher-10 - The requested application "0!appagendajpro" does not exist!
2021-03-16 18:46:32,347 [INFO] from controllers.jpro in application-akka.actor.default-dispatcher-4 - application requested: 0!appagendajpro
2021-03-16 18:46:32,350 [WARN] from controllers.jpro in application-akka.actor.default-dispatcher-4 - The requested application "0!appagendajpro" does not exist!
2021-03-16 18:46:38,488 [INFO] from controllers.jpro in application-akka.actor.default-dispatcher-4 - application requested: 0!appagendajpro
2021-03-16 18:46:38,490 [WARN] from controllers.jpro in application-akka.actor.default-dispatcher-4 - The requested application "0!appagendajpro" does not exist!
2021-03-16 18:46:40,965 [INFO] from controllers.jpro in application-akka.actor.default-dispatcher-6 - application requested: 0!appagendajpro
2021-03-16 18:46:40,965 [WARN] from controllers.jpro in application-akka.actor.default-dispatcher-6 - The requested application "0!appagendajpro" does not exist!
2021-03-16 18:46:41,051 [INFO] from controllers.jpro in application-akka.actor.default-dispatcher-4 - application requested: 0!undefined
2021-03-16 18:46:41,054 [WARN] from controllers.jpro in application-akka.actor.default-dispatcher-4 - The requested application "0!undefined" does not exist!
2021-03-16 19:38:57,153 [INFO] from akka.event.slf4j.Slf4jLogger in application-akka.actor.default-dispatcher-2 - Slf4jLogger started
2021-03-16 19:38:58,160 [INFO] from com.jpro.activity in Thread-0 - Starting the server
2021-03-16 19:38:58,160 [INFO] from com.jpro.internal.server.Initializer$ in Thread-0 -  *** Starting JPro: https://www.jpro.one/ ***
2021-03-16 19:38:58,160 [INFO] from com.jpro.internal.server.Initializer$ in Thread-0 - OS: Windows 10
2021-03-16 19:38:58,194 [INFO] from com.jpro.internal.server.Initializer$ in Thread-0 - JPro: 2019.2.5
2021-03-16 19:38:58,194 [INFO] from com.jpro.internal.server.Initializer$ in Thread-0 - Java version: 12.0.2
2021-03-16 19:38:58,194 [INFO] from com.jpro.internal.server.Initializer$ in Thread-0 - JVM: 12.0.2 Oracle Corporation
2021-03-16 19:38:58,226 [INFO] from com.jpro.internal.server.Initializer$ in Thread-0 - redirected OUT / ERR
2021-03-16 19:38:58,227 [INFO] from com.jpro.internal.server.Initializer$ in Thread-0 - installed SLF4JBridge
2021-03-16 19:38:58,281 [INFO] from com.jpro.internal.server.MonocleInitializer$ in Thread-0 - screen: null
2021-03-16 19:38:59,586 [INFO] from com.jpro.internal.server.Initializer$ in Thread-0 - finished init!
2021-03-16 19:38:59,588 [INFO] from com.jpro.internal.server.Initializer$ in JavaFX Application Thread - JavaFX version: 11.0.3.4-jpro+0-2019-12-20-085014
2021-03-16 19:39:00,161 [INFO] from com.jpro.internal.chart.model.ChartJSONImExporter in JavaFX Application Thread - Imported chart data Tue Mar 16 19:38:59 CET 2021
2021-03-16 19:39:00,167 [INFO] from com.jpro.internal.chart.model.DynamicDataModel in JavaFX Application Thread - Started Monitoring chart data...
2021-03-16 19:39:00,611 [INFO] from play.api.Play in Thread-0 - Application started (Prod)
2021-03-16 19:39:01,698 [INFO] from play.core.server.AkkaHttpServer in Thread-0 - Listening for HTTP on /0:0:0:0:0:0:0:0:8080
2021-03-16 19:39:04,374 [WARN] from controllers.jpro in application-akka.actor.default-dispatcher-10 - jpro.plainFile - Couldn't get resource for: 'jpro/html/favicon.ico'
2021-03-16 19:39:04,401 [INFO] from controllers.jpro in application-akka.actor.default-dispatcher-4 - application requested: 0!appagendajpro
2021-03-16 19:39:04,419 [WARN] from controllers.jpro in application-akka.actor.default-dispatcher-4 - The requested application "0!appagendajpro" does not exist!
2021-03-16 20:10:45,574 [INFO] from akka.event.slf4j.Slf4jLogger in application-akka.actor.default-dispatcher-3 - Slf4jLogger started
2021-03-16 20:10:46,009 [INFO] from com.jpro.activity in Thread-0 - Starting the server
2021-03-16 20:10:46,009 [INFO] from com.jpro.internal.server.Initializer$ in Thread-0 -  *** Starting JPro: https://www.jpro.one/ ***
2021-03-16 20:10:46,009 [INFO] from com.jpro.internal.server.Initializer$ in Thread-0 - OS: Windows 10
2021-03-16 20:10:46,045 [INFO] from com.jpro.internal.server.Initializer$ in Thread-0 - JPro: 2019.2.6
2021-03-16 20:10:46,045 [INFO] from com.jpro.internal.server.Initializer$ in Thread-0 - Java version: 12.0.2
2021-03-16 20:10:46,045 [INFO] from com.jpro.internal.server.Initializer$ in Thread-0 - JVM: 12.0.2 Oracle Corporation
2021-03-16 20:10:46,079 [INFO] from com.jpro.internal.server.Initializer$ in Thread-0 - redirected OUT / ERR
2021-03-16 20:10:46,079 [INFO] from com.jpro.internal.server.Initializer$ in Thread-0 - installed SLF4JBridge
2021-03-16 20:10:46,121 [INFO] from com.jpro.internal.server.MonocleInitializer$ in Thread-0 - screen: null
2021-03-16 20:10:47,268 [INFO] from com.jpro.internal.server.Initializer$ in Thread-0 - finished init!
2021-03-16 20:10:47,269 [INFO] from com.jpro.internal.server.Initializer$ in JavaFX Application Thread - JavaFX version: 11.0.3.4-jpro+0-2019-12-20-085014
2021-03-16 20:10:47,763 [INFO] from com.jpro.internal.chart.model.ChartJSONImExporter in JavaFX Application Thread - Imported chart data Tue Mar 16 20:10:46 CET 2021
2021-03-16 20:10:47,770 [INFO] from com.jpro.internal.chart.model.DynamicDataModel in JavaFX Application Thread - Started Monitoring chart data...
2021-03-16 20:10:48,190 [INFO] from play.api.Play in Thread-0 - Application started (Prod)
2021-03-16 20:10:49,165 [INFO] from play.core.server.AkkaHttpServer in Thread-0 - Listening for HTTP on /0:0:0:0:0:0:0:0:8080
2021-03-16 20:10:51,221 [INFO] from controllers.jpro in application-akka.actor.default-dispatcher-6 - application requested: 0!appagendajpro
2021-03-16 20:10:51,234 [WARN] from controllers.jpro in application-akka.actor.default-dispatcher-6 - The requested application "0!appagendajpro" does not exist!
2021-03-16 20:10:56,312 [INFO] from controllers.jpro in application-akka.actor.default-dispatcher-6 - application requested: 0!appagendajpro
2021-03-16 20:10:56,315 [WARN] from controllers.jpro in application-akka.actor.default-dispatcher-6 - The requested application "0!appagendajpro" does not exist!
2021-03-16 20:11:01,904 [INFO] from controllers.jpro in application-akka.actor.default-dispatcher-3 - application requested: 0!appagendajpro
2021-03-16 20:11:01,905 [WARN] from controllers.jpro in application-akka.actor.default-dispatcher-3 - The requested application "0!appagendajpro" does not exist!
2021-03-16 20:11:08,020 [INFO] from controllers.jpro in application-akka.actor.default-dispatcher-6 - application requested: 0!appagendajpro
2021-03-16 20:11:08,023 [WARN] from controllers.jpro in application-akka.actor.default-dispatcher-6 - The requested application "0!appagendajpro" does not exist!
2021-03-16 20:11:14,723 [INFO] from controllers.jpro in application-akka.actor.default-dispatcher-10 - application requested: 0!appagendajpro
2021-03-16 20:11:14,723 [WARN] from controllers.jpro in application-akka.actor.default-dispatcher-10 - The requested application "0!appagendajpro" does not exist!
2021-03-16 20:11:22,092 [INFO] from controllers.jpro in application-akka.actor.default-dispatcher-9 - application requested: 0!appagendajpro
2021-03-16 20:11:22,093 [WARN] from controllers.jpro in application-akka.actor.default-dispatcher-9 - The requested application "0!appagendajpro" does not exist!
2021-03-16 20:11:30,225 [INFO] from controllers.jpro in application-akka.actor.default-dispatcher-2 - application requested: 0!appagendajpro
2021-03-16 20:11:30,229 [WARN] from controllers.jpro in application-akka.actor.default-dispatcher-2 - The requested application "0!appagendajpro" does not exist!
2021-03-16 20:11:39,184 [INFO] from controllers.jpro in application-akka.actor.default-dispatcher-8 - application requested: 0!appagendajpro
2021-03-16 20:11:39,188 [WARN] from controllers.jpro in application-akka.actor.default-dispatcher-8 - The requested application "0!appagendajpro" does not exist!
2021-03-16 20:11:49,002 [INFO] from controllers.jpro in application-akka.actor.default-dispatcher-6 - application requested: 0!appagendajpro
2021-03-16 20:11:49,002 [WARN] from controllers.jpro in application-akka.actor.default-dispatcher-6 - The requested application "0!appagendajpro" does not exist!
2021-03-16 20:11:59,798 [INFO] from controllers.jpro in application-akka.actor.default-dispatcher-8 - application requested: 0!appagendajpro
2021-03-16 20:11:59,799 [WARN] from controllers.jpro in application-akka.actor.default-dispatcher-8 - The requested application "0!appagendajpro" does not exist!
2021-03-16 20:12:57,330 [INFO] from akka.event.slf4j.Slf4jLogger in application-akka.actor.default-dispatcher-2 - Slf4jLogger started
2021-03-16 20:12:57,739 [INFO] from com.jpro.activity in Thread-0 - Starting the server
2021-03-16 20:12:57,739 [INFO] from com.jpro.internal.server.Initializer$ in Thread-0 -  *** Starting JPro: https://www.jpro.one/ ***
2021-03-16 20:12:57,739 [INFO] from com.jpro.internal.server.Initializer$ in Thread-0 - OS: Windows 10
2021-03-16 20:12:57,762 [INFO] from com.jpro.internal.server.Initializer$ in Thread-0 - JPro: 2019.2.6
2021-03-16 20:12:57,762 [INFO] from com.jpro.internal.server.Initializer$ in Thread-0 - Java version: 12.0.2
2021-03-16 20:12:57,762 [INFO] from com.jpro.internal.server.Initializer$ in Thread-0 - JVM: 12.0.2 Oracle Corporation
2021-03-16 20:12:57,816 [INFO] from com.jpro.internal.server.Initializer$ in Thread-0 - redirected OUT / ERR
2021-03-16 20:12:57,816 [INFO] from com.jpro.internal.server.Initializer$ in Thread-0 - installed SLF4JBridge
2021-03-16 20:12:57,870 [INFO] from com.jpro.internal.server.MonocleInitializer$ in Thread-0 - screen: null
2021-03-16 20:12:59,018 [INFO] from com.jpro.internal.server.Initializer$ in Thread-0 - finished init!
2021-03-16 20:12:59,019 [INFO] from com.jpro.internal.server.Initializer$ in JavaFX Application Thread - JavaFX version: 11.0.3.4-jpro+0-2019-12-20-085014
2021-03-16 20:12:59,513 [INFO] from com.jpro.internal.chart.model.ChartJSONImExporter in JavaFX Application Thread - Imported chart data Tue Mar 16 20:12:59 CET 2021
2021-03-16 20:12:59,519 [INFO] from com.jpro.internal.chart.model.DynamicDataModel in JavaFX Application Thread - Started Monitoring chart data...
2021-03-16 20:12:59,895 [INFO] from play.api.Play in Thread-0 - Application started (Prod)
2021-03-16 20:13:00,964 [INFO] from play.core.server.AkkaHttpServer in Thread-0 - Listening for HTTP on /0:0:0:0:0:0:0:0:8080
2021-03-16 20:13:03,319 [INFO] from controllers.jpro in application-akka.actor.default-dispatcher-8 - application requested: 0!appagendajpro
2021-03-16 20:13:03,340 [WARN] from controllers.jpro in application-akka.actor.default-dispatcher-8 - The requested application "0!appagendajpro" does not exist!
2021-03-16 20:13:21,881 [INFO] from controllers.jpro in application-akka.actor.default-dispatcher-8 - application requested: 0!appagendajpro
2021-03-16 20:13:21,882 [WARN] from controllers.jpro in application-akka.actor.default-dispatcher-8 - The requested application "0!appagendajpro" does not exist!
2021-03-16 20:13:23,151 [INFO] from controllers.jpro in application-akka.actor.default-dispatcher-10 - application requested: 0!appagendajpro
2021-03-16 20:13:23,156 [WARN] from controllers.jpro in application-akka.actor.default-dispatcher-10 - The requested application "0!appagendajpro" does not exist!
2021-03-16 20:19:32,843 [INFO] from akka.event.slf4j.Slf4jLogger in application-akka.actor.default-dispatcher-4 - Slf4jLogger started
2021-03-16 20:19:33,306 [INFO] from com.jpro.activity in Thread-0 - Starting the server
2021-03-16 20:19:33,320 [INFO] from com.jpro.internal.server.Initializer$ in Thread-0 -  *** Starting JPro: https://www.jpro.one/ ***
2021-03-16 20:19:33,320 [INFO] from com.jpro.internal.server.Initializer$ in Thread-0 - OS: Windows 10
2021-03-16 20:19:33,332 [INFO] from com.jpro.internal.server.Initializer$ in Thread-0 - JPro: 2019.2.6
2021-03-16 20:19:33,332 [INFO] from com.jpro.internal.server.Initializer$ in Thread-0 - Java version: 12.0.2
2021-03-16 20:19:33,332 [INFO] from com.jpro.internal.server.Initializer$ in Thread-0 - JVM: 12.0.2 Oracle Corporation
2021-03-16 20:19:33,368 [INFO] from com.jpro.internal.server.Initializer$ in Thread-0 - redirected OUT / ERR
2021-03-16 20:19:33,368 [INFO] from com.jpro.internal.server.Initializer$ in Thread-0 - installed SLF4JBridge
2021-03-16 20:19:33,427 [INFO] from com.jpro.internal.server.MonocleInitializer$ in Thread-0 - screen: null
2021-03-16 20:19:34,616 [INFO] from com.jpro.internal.server.Initializer$ in Thread-0 - finished init!
2021-03-16 20:19:34,617 [INFO] from com.jpro.internal.server.Initializer$ in JavaFX Application Thread - JavaFX version: 11.0.3.4-jpro+0-2019-12-20-085014
2021-03-16 20:19:35,085 [INFO] from com.jpro.internal.chart.model.ChartJSONImExporter in JavaFX Application Thread - Imported chart data Tue Mar 16 20:19:34 CET 2021
2021-03-16 20:19:35,091 [INFO] from com.jpro.internal.chart.model.DynamicDataModel in JavaFX Application Thread - Started Monitoring chart data...
2021-03-16 20:19:35,540 [INFO] from play.api.Play in Thread-0 - Application started (Prod)
2021-03-16 20:19:36,542 [INFO] from play.core.server.AkkaHttpServer in Thread-0 - Listening for HTTP on /0:0:0:0:0:0:0:0:8080
2021-03-16 20:19:38,845 [INFO] from controllers.jpro in application-akka.actor.default-dispatcher-3 - application requested: 0!appagendajpro
2021-03-16 20:19:38,854 [WARN] from controllers.jpro in application-akka.actor.default-dispatcher-3 - The requested application "0!appagendajpro" does not exist!
2021-03-16 20:22:07,242 [INFO] from akka.event.slf4j.Slf4jLogger in application-akka.actor.default-dispatcher-4 - Slf4jLogger started
2021-03-16 20:22:07,840 [INFO] from com.jpro.activity in Thread-0 - Starting the server
2021-03-16 20:22:07,857 [INFO] from com.jpro.internal.server.Initializer$ in Thread-0 -  *** Starting JPro: https://www.jpro.one/ ***
2021-03-16 20:22:07,857 [INFO] from com.jpro.internal.server.Initializer$ in Thread-0 - OS: Windows 10
2021-03-16 20:22:07,880 [INFO] from com.jpro.internal.server.Initializer$ in Thread-0 - JPro: 2019.2.6
2021-03-16 20:22:07,880 [INFO] from com.jpro.internal.server.Initializer$ in Thread-0 - Java version: 12.0.2
2021-03-16 20:22:07,880 [INFO] from com.jpro.internal.server.Initializer$ in Thread-0 - JVM: 12.0.2 Oracle Corporation
2021-03-16 20:22:07,924 [INFO] from com.jpro.internal.server.Initializer$ in Thread-0 - redirected OUT / ERR
2021-03-16 20:22:07,924 [INFO] from com.jpro.internal.server.Initializer$ in Thread-0 - installed SLF4JBridge
2021-03-16 20:22:07,964 [INFO] from com.jpro.internal.server.MonocleInitializer$ in Thread-0 - screen: null
2021-03-16 20:22:09,381 [INFO] from com.jpro.internal.server.Initializer$ in Thread-0 - finished init!
2021-03-16 20:22:09,386 [INFO] from com.jpro.internal.server.Initializer$ in JavaFX Application Thread - JavaFX version: 11.0.3.4-jpro+0-2019-12-20-085014
2021-03-16 20:22:09,929 [INFO] from com.jpro.internal.chart.model.ChartJSONImExporter in JavaFX Application Thread - Imported chart data Tue Mar 16 20:22:08 CET 2021
2021-03-16 20:22:09,938 [INFO] from com.jpro.internal.chart.model.DynamicDataModel in JavaFX Application Thread - Started Monitoring chart data...
2021-03-16 20:22:10,452 [INFO] from play.api.Play in Thread-0 - Application started (Prod)
2021-03-16 20:22:11,657 [INFO] from play.core.server.AkkaHttpServer in Thread-0 - Listening for HTTP on /0:0:0:0:0:0:0:0:8080
2021-03-16 20:22:13,542 [INFO] from controllers.jpro in application-akka.actor.default-dispatcher-7 - application requested: 0!appagendajpro
2021-03-16 20:22:13,555 [WARN] from controllers.jpro in application-akka.actor.default-dispatcher-7 - The requested application "0!appagendajpro" does not exist!
2021-03-16 20:22:18,307 [INFO] from controllers.jpro in application-akka.actor.default-dispatcher-4 - application requested: 0!appagendajpro
2021-03-16 20:22:18,307 [WARN] from controllers.jpro in application-akka.actor.default-dispatcher-4 - The requested application "0!appagendajpro" does not exist!
2021-03-16 20:25:41,955 [INFO] from akka.event.slf4j.Slf4jLogger in application-akka.actor.default-dispatcher-3 - Slf4jLogger started
2021-03-16 20:25:42,939 [INFO] from com.jpro.activity in Thread-0 - Starting the server
2021-03-16 20:25:42,940 [INFO] from com.jpro.internal.server.Initializer$ in Thread-0 -  *** Starting JPro: https://www.jpro.one/ ***
2021-03-16 20:25:42,942 [INFO] from com.jpro.internal.server.Initializer$ in Thread-0 - OS: Windows 10
2021-03-16 20:25:42,956 [INFO] from com.jpro.internal.server.Initializer$ in Thread-0 - JPro: 2019.2.6
2021-03-16 20:25:42,956 [INFO] from com.jpro.internal.server.Initializer$ in Thread-0 - Java version: 12.0.2
2021-03-16 20:25:42,957 [INFO] from com.jpro.internal.server.Initializer$ in Thread-0 - JVM: 12.0.2 Oracle Corporation
2021-03-16 20:25:42,979 [INFO] from com.jpro.internal.server.Initializer$ in Thread-0 - redirected OUT / ERR
2021-03-16 20:25:42,979 [INFO] from com.jpro.internal.server.Initializer$ in Thread-0 - installed SLF4JBridge
2021-03-16 20:25:43,019 [INFO] from com.jpro.internal.server.MonocleInitializer$ in Thread-0 - screen: null
2021-03-16 20:25:44,143 [INFO] from com.jpro.internal.server.Initializer$ in Thread-0 - finished init!
2021-03-16 20:25:44,144 [INFO] from com.jpro.internal.server.Initializer$ in JavaFX Application Thread - JavaFX version: 11.0.3.4-jpro+0-2019-12-20-085014
2021-03-16 20:25:44,627 [INFO] from com.jpro.internal.chart.model.ChartJSONImExporter in JavaFX Application Thread - Imported chart data Tue Mar 16 20:25:43 CET 2021
2021-03-16 20:25:44,633 [INFO] from com.jpro.internal.chart.model.DynamicDataModel in JavaFX Application Thread - Started Monitoring chart data...
2021-03-16 20:25:45,060 [INFO] from play.api.Play in Thread-0 - Application started (Prod)
2021-03-16 20:25:46,041 [INFO] from play.core.server.AkkaHttpServer in Thread-0 - Listening for HTTP on /0:0:0:0:0:0:0:0:8080
2021-03-16 20:25:47,649 [INFO] from controllers.jpro in application-akka.actor.default-dispatcher-6 - application requested: 0!appagendajpro
2021-03-16 20:25:47,671 [INFO] from controllers.jpro in application-akka.actor.default-dispatcher-6 - Creating Application: 0!appagendajpro
2021-03-16 20:25:47,677 [INFO] from controllers.jpro in application-akka.actor.default-dispatcher-6 - remoteAddress 0:0:0:0:0:0:0:1
2021-03-16 20:25:47,680 [INFO] from controllers.jpro in application-akka.actor.default-dispatcher-6 - host          localhost:8080
2021-03-16 20:25:47,680 [INFO] from controllers.jpro in application-akka.actor.default-dispatcher-6 - uri           /app/0!appagendajpro
2021-03-16 20:25:48,406 [INFO] from com.jpro.internal.server.ViewSerializerActor in JavaFX Application Thread - appdef: AppByMain(appagendajpro,AppAgendaJPRO.Main,None,NamedClassLoader(system),false) clientinfo: ClientInfo(http://localhost:8080/,http://localhost:8080/app/appagendajpro,1366.0,657.0,false,es-ES,List(es-ES, es, en),Map(),Map(Host -> List(localhost:8080), Origin -> List(http://localhost:8080), Pragma -> List(no-cache), Upgrade -> List(websocket), Connection -> List(Upgrade), User-Agent -> List(Mozilla/5.0 (Windows NT 10.0; Win64; x64) AppleWebKit/537.36 (KHTML, like Gecko) Chrome/89.0.4389.82 Safari/537.36), Cache-Control -> List(no-cache), Remote-Address -> List(0:0:0:0:0:0:0:1:61987), Timeout-Access -> List(<function1>), Accept-Encoding -> List(gzip, deflate, br), Accept-Language -> List(es-ES,es;q=0.9,en;q=0.8), Raw-Request-URI -> List(/app/0!appagendajpro), Tls-Session-Info -> List(Session(1615922745401|SSL_NULL_WITH_NULL_NULL)), Sec-WebSocket-Key -> List(pV3lnCuSmMuvQPQMgo+U+Q==), UpgradeToWebSocket -> List(), Sec-WebSocket-Version -> List(13), Sec-WebSocket-Extensions -> List(permessage-deflate; client_max_window_bits)))out: Actor[akka://application/system/StreamSupervisor-0/$$f-actorRefSource#992479880]
2021-03-16 20:25:53,903 [INFO] from com.jpro.JS in JavaFX Application Thread - received msg: new MainID: 5508 userid: 72263764
2021-03-16 20:26:34,091 [ERROR] from com.jpro.meta.tk.SceneInputListener in JavaFX Application Thread - Error while processing the input: MouseEventToken(MouseReleased,94.0,29.0,MouseButtonToken(3),false,false,false,false,false,false,false,false) app: stage title: App Agenda
java.lang.reflect.InvocationTargetException: null
	at jdk.internal.reflect.GeneratedMethodAccessor21.invoke(Unknown Source)
	at java.base/jdk.internal.reflect.DelegatingMethodAccessorImpl.invoke(DelegatingMethodAccessorImpl.java:43)
	at java.base/java.lang.reflect.Method.invoke(Method.java:567)
	at simplefx.util.ReflectionUtil$UseReflection.applyDynamic(ReflectionUtil.scala:21)
	at com.jpro.meta.tk.SceneInputListener.processInputInScene(SceneInputListener.scala:169)
	at com.jpro.meta.tk.SceneInputListener.processInput(SceneInputListener.scala:117)
	at com.jpro.meta.tk.SceneInputListener.processInputs(SceneInputListener.scala:98)
	at com.jpro.meta.tk.SceneInputListener.$anonfun$new$4(SceneInputListener.scala:39)
	at simplefx.cores.standard.parts.CoreTimeEvent.$anonfun$runAsAnimation$1(CoreTimeEvent.scala:64)
	at simplefx.cores.standard.parts.CoreTimeEvent$$anon$2.handle(CoreTimeEvent.scala:46)
	at javafx.animation.AnimationTimer$AnimationTimerReceiver.lambda$handle$0(AnimationTimer.java:57)
	at java.base/java.security.AccessController.doPrivileged(AccessController.java:389)
	at javafx.animation.AnimationTimer$AnimationTimerReceiver.handle(AnimationTimer.java:56)
	at com.sun.scenario.animation.AbstractMasterTimer.timePulseImpl(AbstractMasterTimer.java:357)
	at com.sun.scenario.animation.AbstractMasterTimer$MainLoop.run(AbstractMasterTimer.java:267)
	at com.sun.javafx.tk.quantum.QuantumToolkit.pulse(QuantumToolkit.java:525)
	at com.sun.javafx.tk.quantum.QuantumToolkit.pulse(QuantumToolkit.java:509)
	at com.sun.javafx.tk.quantum.QuantumToolkit.pulseFromQueue(QuantumToolkit.java:502)
	at com.sun.javafx.tk.quantum.QuantumToolkit.lambda$runToolkit$12(QuantumToolkit.java:326)
	at com.sun.glass.ui.monocle.RunnableProcessor.runLoop(RunnableProcessor.java:92)
	at com.sun.glass.ui.monocle.RunnableProcessor.run(RunnableProcessor.java:51)
	at java.base/java.lang.Thread.run(Thread.java:835)
Caused by: java.lang.reflect.InvocationTargetException: null
	at jdk.internal.reflect.GeneratedMethodAccessor19.invoke(Unknown Source)
	at java.base/jdk.internal.reflect.DelegatingMethodAccessorImpl.invoke(DelegatingMethodAccessorImpl.java:43)
	at java.base/java.lang.reflect.Method.invoke(Method.java:567)
	at simplefx.util.ReflectionUtil$UseReflection.applyDynamic(ReflectionUtil.scala:21)
	at com.sun.glass.ui.monocle.input.fork.NativeMouseInput.notifyMouse(NativeMouseInput.scala:330)
	at com.sun.glass.ui.monocle.input.fork.NativeMouseInput.postMouseEvent(NativeMouseInput.scala:226)
	at com.sun.glass.ui.monocle.input.fork.NativeMouseInput.setState(NativeMouseInput.scala:186)
	... 22 common frames omitted
Caused by: java.lang.RuntimeException: java.lang.reflect.InvocationTargetException
	at javafx.fxml.FXMLLoader$MethodHandler.invoke(FXMLLoader.java:1787)
	at javafx.fxml.FXMLLoader$ControllerMethodEventHandler.handle(FXMLLoader.java:1670)
	at com.sun.javafx.event.CompositeEventHandler.dispatchBubblingEvent(CompositeEventHandler.java:86)
	at com.sun.javafx.event.EventHandlerManager.dispatchBubblingEvent(EventHandlerManager.java:238)
	at com.sun.javafx.event.EventHandlerManager.dispatchBubblingEvent(EventHandlerManager.java:191)
	at com.sun.javafx.event.CompositeEventDispatcher.dispatchBubblingEvent(CompositeEventDispatcher.java:59)
	at com.sun.javafx.event.BasicEventDispatcher.dispatchEvent(BasicEventDispatcher.java:58)
	at com.sun.javafx.event.EventDispatchChainImpl.dispatchEvent(EventDispatchChainImpl.java:114)
	at com.sun.javafx.event.BasicEventDispatcher.dispatchEvent(BasicEventDispatcher.java:56)
	at com.sun.javafx.event.EventDispatchChainImpl.dispatchEvent(EventDispatchChainImpl.java:114)
	at com.sun.javafx.event.BasicEventDispatcher.dispatchEvent(BasicEventDispatcher.java:56)
	at com.sun.javafx.event.EventDispatchChainImpl.dispatchEvent(EventDispatchChainImpl.java:114)
	at com.sun.javafx.event.EventUtil.fireEventImpl(EventUtil.java:74)
	at com.sun.javafx.event.EventUtil.fireEvent(EventUtil.java:49)
	at javafx.event.Event.fireEvent(Event.java:198)
	at javafx.scene.Node.fireEvent(Node.java:8890)
	at javafx.scene.control.Button.fire(Button.java:200)
	at com.sun.javafx.scene.control.behavior.ButtonBehavior.mouseReleased(ButtonBehavior.java:206)
	at com.sun.javafx.scene.control.inputmap.InputMap.handle(InputMap.java:274)
	at com.sun.javafx.event.CompositeEventHandler$NormalEventHandlerRecord.handleBubblingEvent(CompositeEventHandler.java:218)
	at com.sun.javafx.event.CompositeEventHandler.dispatchBubblingEvent(CompositeEventHandler.java:80)
	at com.sun.javafx.event.EventHandlerManager.dispatchBubblingEvent(EventHandlerManager.java:238)
	at com.sun.javafx.event.EventHandlerManager.dispatchBubblingEvent(EventHandlerManager.java:191)
	at com.sun.javafx.event.CompositeEventDispatcher.dispatchBubblingEvent(CompositeEventDispatcher.java:59)
	at com.sun.javafx.event.BasicEventDispatcher.dispatchEvent(BasicEventDispatcher.java:58)
	at com.sun.javafx.event.EventDispatchChainImpl.dispatchEvent(EventDispatchChainImpl.java:114)
	at com.sun.javafx.event.BasicEventDispatcher.dispatchEvent(BasicEventDispatcher.java:56)
	at com.sun.javafx.event.EventDispatchChainImpl.dispatchEvent(EventDispatchChainImpl.java:114)
	at com.sun.javafx.event.BasicEventDispatcher.dispatchEvent(BasicEventDispatcher.java:56)
	at com.sun.javafx.event.EventDispatchChainImpl.dispatchEvent(EventDispatchChainImpl.java:114)
	at com.sun.javafx.event.EventUtil.fireEventImpl(EventUtil.java:74)
	at com.sun.javafx.event.EventUtil.fireEvent(EventUtil.java:54)
	at javafx.event.Event.fireEvent(Event.java:198)
	at javafx.scene.Scene$MouseHandler.process(Scene.java:3851)
	at javafx.scene.Scene$MouseHandler.access$1200(Scene.java:3579)
	at javafx.scene.Scene.processMouseEvent(Scene.java:1849)
	at javafx.scene.Scene$ScenePeerListener.mouseEvent(Scene.java:2588)
	at com.sun.javafx.tk.quantum.GlassViewEventHandler$MouseEventNotification.run(GlassViewEventHandler.java:397)
	at com.sun.javafx.tk.quantum.GlassViewEventHandler$MouseEventNotification.run(GlassViewEventHandler.java:295)
	at java.base/java.security.AccessController.doPrivileged(AccessController.java:389)
	at com.sun.javafx.tk.quantum.GlassViewEventHandler.lambda$handleMouseEvent$2(GlassViewEventHandler.java:434)
	at com.sun.javafx.tk.quantum.QuantumToolkit.runWithoutRenderLock(QuantumToolkit.java:396)
	at com.sun.javafx.tk.quantum.GlassViewEventHandler.handleMouseEvent(GlassViewEventHandler.java:433)
	at com.sun.glass.ui.View.handleMouseEvent(View.java:556)
	at com.sun.glass.ui.View.notifyMouse(View.java:942)
	at com.sun.glass.ui.monocle.MonocleView.notifyMouse(MonocleView.java:116)
	... 29 common frames omitted
Caused by: java.lang.reflect.InvocationTargetException: null
	at java.base/jdk.internal.reflect.NativeMethodAccessorImpl.invoke0(Native Method)
	at java.base/jdk.internal.reflect.NativeMethodAccessorImpl.invoke(NativeMethodAccessorImpl.java:62)
	at java.base/jdk.internal.reflect.DelegatingMethodAccessorImpl.invoke(DelegatingMethodAccessorImpl.java:43)
	at java.base/java.lang.reflect.Method.invoke(Method.java:567)
	at com.sun.javafx.reflect.Trampoline.invoke(MethodUtil.java:76)
	at jdk.internal.reflect.GeneratedMethodAccessor6.invoke(Unknown Source)
	at java.base/jdk.internal.reflect.DelegatingMethodAccessorImpl.invoke(DelegatingMethodAccessorImpl.java:43)
	at java.base/java.lang.reflect.Method.invoke(Method.java:567)
	at com.sun.javafx.reflect.MethodUtil.invoke(MethodUtil.java:273)
	at com.sun.javafx.fxml.MethodHelper.invoke(MethodHelper.java:83)
	at javafx.fxml.FXMLLoader$MethodHandler.invoke(FXMLLoader.java:1782)
	... 74 common frames omitted
Caused by: java.lang.NullPointerException: null
	at AppAgendaJPRO.PersonaDetalleViewController.setPersona(PersonaDetalleViewController.java:98)
	at AppAgendaJPRO.AgendaViewController.onActionButtonEditar(AgendaViewController.java:180)
	... 85 common frames omitted
2021-03-16 20:27:08,959 [INFO] from com.jpro.internal.stats.ViewInfo$ in JavaFX Application Thread - 
2021-03-16 20:27:08,959 [INFO] from com.jpro.internal.stats.ViewInfo$ in JavaFX Application Thread - Application closed:
2021-03-16 20:27:08,973 [INFO] from com.jpro.internal.stats.ViewInfo$ in JavaFX Application Thread - startTime      : Tue Mar 16 20:27:08 CET 2021      
2021-03-16 20:27:08,973 [INFO] from com.jpro.internal.stats.ViewInfo$ in JavaFX Application Thread - averageLatency : 00:00:00.028 
2021-03-16 20:27:08,974 [INFO] from com.jpro.internal.stats.ViewInfo$ in JavaFX Application Thread - averageJitter  : 00:00:00.017  
2021-03-16 20:27:08,975 [INFO] from com.jpro.internal.stats.ViewInfo$ in JavaFX Application Thread - framerateServer: 00:00:00.000
2021-03-16 20:27:08,977 [INFO] from com.jpro.internal.stats.ViewInfo$ in JavaFX Application Thread - framerateClient: 00:00:00.000
2021-03-16 20:27:08,977 [INFO] from com.jpro.internal.stats.ViewInfo$ in JavaFX Application Thread - raw            : 726157
2021-03-16 20:27:08,977 [INFO] from com.jpro.internal.stats.ViewInfo$ in JavaFX Application Thread - zipped         : 128659
2021-03-16 20:27:08,977 [INFO] from com.jpro.internal.stats.ViewInfo$ in JavaFX Application Thread - 
2021-03-16 20:27:25,199 [INFO] from controllers.jpro in application-akka.actor.default-dispatcher-8 - application requested: 0!appagendajpro
2021-03-16 20:27:25,204 [INFO] from controllers.jpro in application-akka.actor.default-dispatcher-8 - Creating Application: 0!appagendajpro
2021-03-16 20:27:25,205 [INFO] from controllers.jpro in application-akka.actor.default-dispatcher-8 - remoteAddress 0:0:0:0:0:0:0:1
2021-03-16 20:27:25,205 [INFO] from controllers.jpro in application-akka.actor.default-dispatcher-8 - host          localhost:8080
2021-03-16 20:27:25,205 [INFO] from controllers.jpro in application-akka.actor.default-dispatcher-8 - uri           /app/0!appagendajpro
2021-03-16 20:27:25,296 [INFO] from com.jpro.internal.server.ViewSerializerActor in JavaFX Application Thread - appdef: AppByMain(appagendajpro,AppAgendaJPRO.Main,None,NamedClassLoader(system),false) clientinfo: ClientInfo(http://localhost:8080/,http://localhost:8080/app/appagendajpro,1366.0,657.0,false,es-ES,List(es-ES, es, en),Map(),Map(Host -> List(localhost:8080), Origin -> List(http://localhost:8080), Pragma -> List(no-cache), Upgrade -> List(websocket), Connection -> List(Upgrade), User-Agent -> List(Mozilla/5.0 (Windows NT 10.0; Win64; x64) AppleWebKit/537.36 (KHTML, like Gecko) Chrome/89.0.4389.82 Safari/537.36), Cache-Control -> List(no-cache), Remote-Address -> List(0:0:0:0:0:0:0:1:62023), Timeout-Access -> List(<function1>), Accept-Encoding -> List(gzip, deflate, br), Accept-Language -> List(es-ES,es;q=0.9,en;q=0.8), Raw-Request-URI -> List(/app/0!appagendajpro), Tls-Session-Info -> List(Session(1615922745401|SSL_NULL_WITH_NULL_NULL)), Sec-WebSocket-Key -> List(rrjxnGpsF6/vu/MvmZvgCw==), UpgradeToWebSocket -> List(), Sec-WebSocket-Version -> List(13), Sec-WebSocket-Extensions -> List(permessage-deflate; client_max_window_bits)))out: Actor[akka://application/system/StreamSupervisor-0/$$h-actorRefSource#34259598]
2021-03-16 20:27:26,295 [INFO] from com.jpro.JS in JavaFX Application Thread - received msg: new MainID: 5508 userid: 1629729729
2021-03-16 20:27:26,656 [INFO] from com.jpro.internal.stats.ViewInfo$ in JavaFX Application Thread - 
2021-03-16 20:27:26,656 [INFO] from com.jpro.internal.stats.ViewInfo$ in JavaFX Application Thread - Application closed:
2021-03-16 20:27:26,658 [INFO] from com.jpro.internal.stats.ViewInfo$ in JavaFX Application Thread - startTime      : Tue Mar 16 20:27:26 CET 2021      
2021-03-16 20:27:26,658 [INFO] from com.jpro.internal.stats.ViewInfo$ in JavaFX Application Thread - averageLatency : 00:00:00.006 
2021-03-16 20:27:26,658 [INFO] from com.jpro.internal.stats.ViewInfo$ in JavaFX Application Thread - averageJitter  : 00:00:00.012  
2021-03-16 20:27:26,658 [INFO] from com.jpro.internal.stats.ViewInfo$ in JavaFX Application Thread - framerateServer: 00:00:00.000
2021-03-16 20:27:26,658 [INFO] from com.jpro.internal.stats.ViewInfo$ in JavaFX Application Thread - framerateClient: 00:00:00.000
2021-03-16 20:27:26,658 [INFO] from com.jpro.internal.stats.ViewInfo$ in JavaFX Application Thread - raw            : 181875
2021-03-16 20:27:26,658 [INFO] from com.jpro.internal.stats.ViewInfo$ in JavaFX Application Thread - zipped         : 18343
2021-03-16 20:27:26,658 [INFO] from com.jpro.internal.stats.ViewInfo$ in JavaFX Application Thread - 
2021-03-16 20:27:26,658 [INFO] from controllers.jpro in application-akka.actor.default-dispatcher-3 - application requested: 0!appagendajpro
2021-03-16 20:27:26,660 [INFO] from controllers.jpro in application-akka.actor.default-dispatcher-3 - Creating Application: 0!appagendajpro
2021-03-16 20:27:26,660 [INFO] from controllers.jpro in application-akka.actor.default-dispatcher-3 - remoteAddress 0:0:0:0:0:0:0:1
2021-03-16 20:27:26,661 [INFO] from controllers.jpro in application-akka.actor.default-dispatcher-3 - host          localhost:8080
2021-03-16 20:27:26,661 [INFO] from controllers.jpro in application-akka.actor.default-dispatcher-3 - uri           /app/0!appagendajpro
2021-03-16 20:27:26,732 [INFO] from com.jpro.internal.server.ViewSerializerActor in JavaFX Application Thread - appdef: AppByMain(appagendajpro,AppAgendaJPRO.Main,None,NamedClassLoader(system),false) clientinfo: ClientInfo(http://localhost:8080/,http://localhost:8080/app/appagendajpro,1366.0,657.0,false,es-ES,List(es-ES, es, en),Map(),Map(Host -> List(localhost:8080), Origin -> List(http://localhost:8080), Pragma -> List(no-cache), Upgrade -> List(websocket), Connection -> List(Upgrade), User-Agent -> List(Mozilla/5.0 (Windows NT 10.0; Win64; x64) AppleWebKit/537.36 (KHTML, like Gecko) Chrome/89.0.4389.82 Safari/537.36), Cache-Control -> List(no-cache), Remote-Address -> List(0:0:0:0:0:0:0:1:62024), Timeout-Access -> List(<function1>), Accept-Encoding -> List(gzip, deflate, br), Accept-Language -> List(es-ES,es;q=0.9,en;q=0.8), Raw-Request-URI -> List(/app/0!appagendajpro), Tls-Session-Info -> List(Session(1615922745401|SSL_NULL_WITH_NULL_NULL)), Sec-WebSocket-Key -> List(jZ1+KiOfAbXZ4nAF5jPJfA==), UpgradeToWebSocket -> List(), Sec-WebSocket-Version -> List(13), Sec-WebSocket-Extensions -> List(permessage-deflate; client_max_window_bits)))out: Actor[akka://application/system/StreamSupervisor-0/$$j-actorRefSource#-58520661]
2021-03-16 20:27:27,376 [INFO] from com.jpro.JS in JavaFX Application Thread - received msg: new MainID: 5508 userid: 382995739
2021-03-16 20:27:27,830 [INFO] from com.jpro.internal.stats.ViewInfo$ in JavaFX Application Thread - 
2021-03-16 20:27:27,830 [INFO] from com.jpro.internal.stats.ViewInfo$ in JavaFX Application Thread - Application closed:
2021-03-16 20:27:27,830 [INFO] from com.jpro.internal.stats.ViewInfo$ in JavaFX Application Thread - startTime      : Tue Mar 16 20:27:27 CET 2021      
2021-03-16 20:27:27,831 [INFO] from com.jpro.internal.stats.ViewInfo$ in JavaFX Application Thread - averageLatency : 00:00:00.000 
2021-03-16 20:27:27,831 [INFO] from com.jpro.internal.stats.ViewInfo$ in JavaFX Application Thread - averageJitter  : 00:00:00.000  
2021-03-16 20:27:27,831 [INFO] from com.jpro.internal.stats.ViewInfo$ in JavaFX Application Thread - framerateServer: 00:00:00.000
2021-03-16 20:27:27,831 [INFO] from com.jpro.internal.stats.ViewInfo$ in JavaFX Application Thread - framerateClient: 00:00:00.000
2021-03-16 20:27:27,831 [INFO] from com.jpro.internal.stats.ViewInfo$ in JavaFX Application Thread - raw            : 181875
2021-03-16 20:27:27,831 [INFO] from com.jpro.internal.stats.ViewInfo$ in JavaFX Application Thread - zipped         : 18358
2021-03-16 20:27:27,831 [INFO] from com.jpro.internal.stats.ViewInfo$ in JavaFX Application Thread - 
2021-03-16 20:27:32,082 [INFO] from com.jpro.internal.communicator.InstanceImpl in JavaFX Application Thread - closing window!
2021-03-16 20:27:33,184 [INFO] from com.jpro.internal.communicator.InstanceImpl in JavaFX Application Thread - closing window!
2021-03-16 20:27:40,565 [INFO] from com.jpro.internal.communicator.InstanceImpl in JavaFX Application Thread - closing window!
